<?xml version="1.0" encoding="UTF-8"?>
<testsuites name="TS_All" time="377.025" tests="6" passed="6" failures="0" errors="0" incompleted="0" skipped="0">
   <testsuite name="TS_All" tests="6" passed="6" failures="0" errors="0" incompleted="0" skipped="0" time="377.025" timestamp="2026-05-27T03:03:13.528Z" hostname="xuanbac - DESKTOP-DKSRMCR" id="Test Suites/TS_All" status="PASSED">
      <properties>
         <property name="deviceName" value=""/>
         <property name="devicePlatform"/>
         <property name="logFolder" value="D:\\QuanLyKhoaHoc5\\KiemThu\\04_katalon_new\\QuanLyKhoaHoc5_New\\Reports\\20260527_100308\\TS_All\\20260527_100308"/>
         <property name="logFiles" value="D:\\QuanLyKhoaHoc5\\KiemThu\\04_katalon_new\\QuanLyKhoaHoc5_New\\Reports\\20260527_100308\\TS_All\\20260527_100308\\console0.log, D:\\QuanLyKhoaHoc5\\KiemThu\\04_katalon_new\\QuanLyKhoaHoc5_New\\Reports\\20260527_100308\\TS_All\\20260527_100308\\execution0.log"/>
         <property name="attachments" value=""/>
         <property name="executionBindingVariables" value="[]"/>
         <property name="hostName" value="xuanbac - DESKTOP-DKSRMCR"/>
         <property name="os" value="Windows 11 64bit"/>
         <property name="katalonVersion" value="11.1.3.0"/>
         <property name="browser" value="Chrome 148.0.7778.179"/>
         <property name="userFullName" value="Bắc Nguyễn"/>
         <property name="hostAddress" value="192.168.1.16"/>
         <property name="sessionId" value="d9672ce8aa4826303ea877994566a10d"/>
         <property name="projectName" value="QuanLyKhoaHoc5_New"/>
         <property name="seleniumVersion" value="4.39.0"/>
         <property name="proxyInformation" value="ProxyInformation { proxyOption=NO_PROXY, proxyServerType=HTTP, username=, password=********, proxyServerAddress=, proxyServerPort=0, executionList=&quot;&quot;, isApplyToDesiredCapabilities=true }"/>
         <property name="platform" value="Windows 11"/>
      </properties>
      <testcase name="Test Cases/TC01_DangNhap" time="38.882" classname="Test Cases/TC01_DangNhap" status="PASSED">
         <system-out><![CDATA[27-05-2026T10:03:13 - [TEST_CASE][PASSED] - Test Cases/TC01_DangNhap: Test Cases/TC01_DangNhap

27-05-2026T10:03:14 - [TEST_STEP][PASSED] - testDataPath = TEST_DATA_DIR + "\TC01_DangNhap.xlsx": null

27-05-2026T10:03:14 - [TEST_STEP][PASSED] - fmt = new org.apache.poi.ss.usermodel.DataFormatter(): null

27-05-2026T10:03:14 - [TEST_STEP][PASSED] - fis = new java.io.FileInputStream(testDataPath): null

27-05-2026T10:03:14 - [TEST_STEP][PASSED] - wb = new org.apache.poi.xssf.usermodel.XSSFWorkbook(fis): null

27-05-2026T10:03:15 - [TEST_STEP][PASSED] - sheet = wb.getSheetAt(0): null

27-05-2026T10:03:15 - [TEST_STEP][PASSED] - fis.close(): null

27-05-2026T10:03:15 - [TEST_STEP][PASSED] - totalRows = sheet.getLastRowNum(): null

27-05-2026T10:03:15 - [TEST_STEP][PASSED] - timeout = TIMEOUT: null

27-05-2026T10:03:15 - [TEST_STEP][PASSED] - for ([i = 1, i <= totalRows, (i++)]): null

27-05-2026T10:03:15 - [TEST_STEP][PASSED] - row = sheet.getRow(i): null

27-05-2026T10:03:15 - [TEST_STEP][PASSED] - if (row == null): null

27-05-2026T10:03:15 - [TEST_STEP][PASSED] - stt = (fmt.formatCellValue(row.getCell(0))?.trim()) ? fmt.formatCellValue(row.getCell(0))?.trim() : : null

27-05-2026T10:03:15 - [TEST_STEP][PASSED] - moTa = (fmt.formatCellValue(row.getCell(1))?.trim()) ? fmt.formatCellValue(row.getCell(1))?.trim() : : null

27-05-2026T10:03:15 - [TEST_STEP][PASSED] - email = (fmt.formatCellValue(row.getCell(2))?.trim()) ? fmt.formatCellValue(row.getCell(2))?.trim() : : null

27-05-2026T10:03:15 - [TEST_STEP][PASSED] - matKhau = (fmt.formatCellValue(row.getCell(3))?.trim()) ? fmt.formatCellValue(row.getCell(3))?.trim() : : null

27-05-2026T10:03:15 - [TEST_STEP][PASSED] - ghiNho = (fmt.formatCellValue(row.getCell(4))?.trim()) ? fmt.formatCellValue(row.getCell(4))?.trim() : : null

27-05-2026T10:03:15 - [TEST_STEP][PASSED] - ketQuaMong = (fmt.formatCellValue(row.getCell(5))?.trim()) ? fmt.formatCellValue(row.getCell(5))?.trim() : : null

27-05-2026T10:03:15 - [TEST_STEP][PASSED] - if (email.isEmpty()): null

27-05-2026T10:03:15 - [TEST_STEP][PASSED] - comment(=== TC01 Row $stt: $moTa ===): === TC01 Row 1.0: Admin đăng nhập thành công ===

27-05-2026T10:03:15 - [MESSAGE][INFO] - === TC01 Row 1.0: Admin đăng nhập thành công ===

27-05-2026T10:03:15 - [TEST_STEP][PASSED] - ketQua = "FAIL": null

27-05-2026T10:03:15 - [TEST_STEP][PASSED] - try: PASS: Đăng nhập thành công → http://localhost:5125/Admin

27-05-2026T10:03:15 - [TEST_STEP][PASSED] - openBrowser(BASE_URL + "/Account/Login"): Browser is opened with url: 'http://localhost:5125/Account/Login'

27-05-2026T10:03:15 - [MESSAGE][INFO] - Starting 'Chrome' driver

27-05-2026T10:03:15 - [MESSAGE][INFO] - Action delay is set to 0 milliseconds

27-05-2026T10:03:18 - [MESSAGE][PASSED] - Browser is opened with url: 'http://localhost:5125/Account/Login'

27-05-2026T10:03:18 - [TEST_STEP][PASSED] - maximizeWindow(): Current window maximized

27-05-2026T10:03:18 - [MESSAGE][PASSED] - Current window maximized

27-05-2026T10:03:18 - [TEST_STEP][PASSED] - waitForElementVisible(findTestObject("Object Repository/Page_Login/input_Email"), timeout): Object 'Object Repository/Page_Login/input_Email' is visible

27-05-2026T10:03:19 - [MESSAGE][PASSED] - Object 'Object Repository/Page_Login/input_Email' is visible

27-05-2026T10:03:19 - [TEST_STEP][PASSED] - clearText(findTestObject("Object Repository/Page_Login/input_Email")): Text of object 'Object Repository/Page_Login/input_Email' is cleared

27-05-2026T10:03:19 - [MESSAGE][PASSED] - Text of object 'Object Repository/Page_Login/input_Email' is cleared

27-05-2026T10:03:19 - [TEST_STEP][PASSED] - setText(findTestObject("Object Repository/Page_Login/input_Email"), email): Text 'admin@nnl.com' is set on object 'Object Repository/Page_Login/input_Email'

27-05-2026T10:03:20 - [MESSAGE][PASSED] - Text 'admin@nnl.com' is set on object 'Object Repository/Page_Login/input_Email'

27-05-2026T10:03:20 - [TEST_STEP][PASSED] - clearText(findTestObject("Object Repository/Page_Login/input_MatKhau")): Text of object 'Object Repository/Page_Login/input_MatKhau' is cleared

27-05-2026T10:03:20 - [MESSAGE][PASSED] - Text of object 'Object Repository/Page_Login/input_MatKhau' is cleared

27-05-2026T10:03:20 - [TEST_STEP][PASSED] - setText(findTestObject("Object Repository/Page_Login/input_MatKhau"), matKhau): Text 'Admin@123' is set on object 'Object Repository/Page_Login/input_MatKhau'

27-05-2026T10:03:21 - [MESSAGE][PASSED] - Text 'Admin@123' is set on object 'Object Repository/Page_Login/input_MatKhau'

27-05-2026T10:03:21 - [TEST_STEP][PASSED] - if ("true".equalsIgnoreCase(ghiNho)): null

27-05-2026T10:03:21 - [TEST_STEP][PASSED] - click(findTestObject("Object Repository/Page_Login/btn_DangNhap")): Object: 'Object Repository/Page_Login/btn_DangNhap' is clicked on

27-05-2026T10:03:22 - [MESSAGE][PASSED] - Object: 'Object Repository/Page_Login/btn_DangNhap' is clicked on

27-05-2026T10:03:22 - [TEST_STEP][PASSED] - waitForPageLoad(timeout): Wait for page load successfully

27-05-2026T10:03:22 - [MESSAGE][PASSED] - Wait for page load successfully

27-05-2026T10:03:22 - [TEST_STEP][PASSED] - url = getUrl(): Current window's url is: 'http://localhost:5125/Admin'

27-05-2026T10:03:22 - [MESSAGE][PASSED] - Current window's url is: 'http://localhost:5125/Admin'

27-05-2026T10:03:22 - [TEST_STEP][PASSED] - if ("ThanhCong".equalsIgnoreCase(ketQuaMong)): PASS: Đăng nhập thành công → http://localhost:5125/Admin

27-05-2026T10:03:22 - [TEST_STEP][PASSED] - if (!(url.contains("/Account/Login"))): PASS: Đăng nhập thành công → http://localhost:5125/Admin

27-05-2026T10:03:22 - [TEST_STEP][PASSED] - ketQua = "PASS": null

27-05-2026T10:03:22 - [TEST_STEP][PASSED] - comment(PASS: Đăng nhập thành công → $url): PASS: Đăng nhập thành công → http://localhost:5125/Admin

27-05-2026T10:03:22 - [MESSAGE][INFO] - PASS: Đăng nhập thành công → http://localhost:5125/Admin

27-05-2026T10:03:22 - [TEST_STEP][PASSED] - Finally: Browser is closed

27-05-2026T10:03:22 - [TEST_STEP][PASSED] - try: Browser is closed

27-05-2026T10:03:22 - [TEST_STEP][PASSED] - closeBrowser(): Browser is closed

27-05-2026T10:03:22 - [MESSAGE][PASSED] - Browser is closed

27-05-2026T10:03:22 - [TEST_STEP][PASSED] - fisW = new java.io.FileInputStream(testDataPath): null

27-05-2026T10:03:23 - [TEST_STEP][PASSED] - wbW = new org.apache.poi.xssf.usermodel.XSSFWorkbook(fisW): null

27-05-2026T10:03:23 - [TEST_STEP][PASSED] - fisW.close(): null

27-05-2026T10:03:23 - [TEST_STEP][PASSED] - createCell(6).setCellValue(ketQua): null

27-05-2026T10:03:23 - [TEST_STEP][PASSED] - fos = new java.io.FileOutputStream(testDataPath): null

27-05-2026T10:03:23 - [TEST_STEP][PASSED] - wbW.write(fos): null

27-05-2026T10:03:23 - [TEST_STEP][PASSED] - fos.close(): null

27-05-2026T10:03:23 - [TEST_STEP][PASSED] - wbW.close(): null

27-05-2026T10:03:23 - [TEST_STEP][PASSED] - row = sheet.getRow(i): null

27-05-2026T10:03:23 - [TEST_STEP][PASSED] - if (row == null): null

27-05-2026T10:03:23 - [TEST_STEP][PASSED] - stt = (fmt.formatCellValue(row.getCell(0))?.trim()) ? fmt.formatCellValue(row.getCell(0))?.trim() : : null

27-05-2026T10:03:23 - [TEST_STEP][PASSED] - moTa = (fmt.formatCellValue(row.getCell(1))?.trim()) ? fmt.formatCellValue(row.getCell(1))?.trim() : : null

27-05-2026T10:03:23 - [TEST_STEP][PASSED] - email = (fmt.formatCellValue(row.getCell(2))?.trim()) ? fmt.formatCellValue(row.getCell(2))?.trim() : : null

27-05-2026T10:03:23 - [TEST_STEP][PASSED] - matKhau = (fmt.formatCellValue(row.getCell(3))?.trim()) ? fmt.formatCellValue(row.getCell(3))?.trim() : : null

27-05-2026T10:03:23 - [TEST_STEP][PASSED] - ghiNho = (fmt.formatCellValue(row.getCell(4))?.trim()) ? fmt.formatCellValue(row.getCell(4))?.trim() : : null

27-05-2026T10:03:23 - [TEST_STEP][PASSED] - ketQuaMong = (fmt.formatCellValue(row.getCell(5))?.trim()) ? fmt.formatCellValue(row.getCell(5))?.trim() : : null

27-05-2026T10:03:23 - [TEST_STEP][PASSED] - if (email.isEmpty()): null

27-05-2026T10:03:23 - [TEST_STEP][PASSED] - comment(=== TC01 Row $stt: $moTa ===): === TC01 Row 2.0: GiangVien đăng nhập thành công ===

27-05-2026T10:03:23 - [MESSAGE][INFO] - === TC01 Row 2.0: GiangVien đăng nhập thành công ===

27-05-2026T10:03:23 - [TEST_STEP][PASSED] - ketQua = "FAIL": null

27-05-2026T10:03:23 - [TEST_STEP][PASSED] - try: PASS: Đăng nhập thành công → http://localhost:5125/GiangVien/Dashboard

27-05-2026T10:03:23 - [TEST_STEP][PASSED] - openBrowser(BASE_URL + "/Account/Login"): Browser is opened with url: 'http://localhost:5125/Account/Login'

27-05-2026T10:03:23 - [MESSAGE][INFO] - Starting 'Chrome' driver

27-05-2026T10:03:23 - [MESSAGE][INFO] - Action delay is set to 0 milliseconds

27-05-2026T10:03:24 - [MESSAGE][PASSED] - Browser is opened with url: 'http://localhost:5125/Account/Login'

27-05-2026T10:03:24 - [TEST_STEP][PASSED] - maximizeWindow(): Current window maximized

27-05-2026T10:03:24 - [MESSAGE][PASSED] - Current window maximized

27-05-2026T10:03:24 - [TEST_STEP][PASSED] - waitForElementVisible(findTestObject("Object Repository/Page_Login/input_Email"), timeout): Object 'Object Repository/Page_Login/input_Email' is visible

27-05-2026T10:03:24 - [MESSAGE][PASSED] - Object 'Object Repository/Page_Login/input_Email' is visible

27-05-2026T10:03:24 - [TEST_STEP][PASSED] - clearText(findTestObject("Object Repository/Page_Login/input_Email")): Text of object 'Object Repository/Page_Login/input_Email' is cleared

27-05-2026T10:03:25 - [MESSAGE][PASSED] - Text of object 'Object Repository/Page_Login/input_Email' is cleared

27-05-2026T10:03:25 - [TEST_STEP][PASSED] - setText(findTestObject("Object Repository/Page_Login/input_Email"), email): Text 'gv01@nnl.com' is set on object 'Object Repository/Page_Login/input_Email'

27-05-2026T10:03:25 - [MESSAGE][PASSED] - Text 'gv01@nnl.com' is set on object 'Object Repository/Page_Login/input_Email'

27-05-2026T10:03:25 - [TEST_STEP][PASSED] - clearText(findTestObject("Object Repository/Page_Login/input_MatKhau")): Text of object 'Object Repository/Page_Login/input_MatKhau' is cleared

27-05-2026T10:03:26 - [MESSAGE][PASSED] - Text of object 'Object Repository/Page_Login/input_MatKhau' is cleared

27-05-2026T10:03:26 - [TEST_STEP][PASSED] - setText(findTestObject("Object Repository/Page_Login/input_MatKhau"), matKhau): Text 'Gv@123' is set on object 'Object Repository/Page_Login/input_MatKhau'

27-05-2026T10:03:26 - [MESSAGE][PASSED] - Text 'Gv@123' is set on object 'Object Repository/Page_Login/input_MatKhau'

27-05-2026T10:03:26 - [TEST_STEP][PASSED] - if ("true".equalsIgnoreCase(ghiNho)): null

27-05-2026T10:03:26 - [TEST_STEP][PASSED] - click(findTestObject("Object Repository/Page_Login/btn_DangNhap")): Object: 'Object Repository/Page_Login/btn_DangNhap' is clicked on

27-05-2026T10:03:27 - [MESSAGE][PASSED] - Object: 'Object Repository/Page_Login/btn_DangNhap' is clicked on

27-05-2026T10:03:27 - [TEST_STEP][PASSED] - waitForPageLoad(timeout): Wait for page load successfully

27-05-2026T10:03:27 - [MESSAGE][PASSED] - Wait for page load successfully

27-05-2026T10:03:27 - [TEST_STEP][PASSED] - url = getUrl(): Current window's url is: 'http://localhost:5125/GiangVien/Dashboard'

27-05-2026T10:03:27 - [MESSAGE][PASSED] - Current window's url is: 'http://localhost:5125/GiangVien/Dashboard'

27-05-2026T10:03:27 - [TEST_STEP][PASSED] - if ("ThanhCong".equalsIgnoreCase(ketQuaMong)): PASS: Đăng nhập thành công → http://localhost:5125/GiangVien/Dashboard

27-05-2026T10:03:27 - [TEST_STEP][PASSED] - if (!(url.contains("/Account/Login"))): PASS: Đăng nhập thành công → http://localhost:5125/GiangVien/Dashboard

27-05-2026T10:03:27 - [TEST_STEP][PASSED] - ketQua = "PASS": null

27-05-2026T10:03:27 - [TEST_STEP][PASSED] - comment(PASS: Đăng nhập thành công → $url): PASS: Đăng nhập thành công → http://localhost:5125/GiangVien/Dashboard

27-05-2026T10:03:27 - [MESSAGE][INFO] - PASS: Đăng nhập thành công → http://localhost:5125/GiangVien/Dashboard

27-05-2026T10:03:27 - [TEST_STEP][PASSED] - Finally: Browser is closed

27-05-2026T10:03:27 - [TEST_STEP][PASSED] - try: Browser is closed

27-05-2026T10:03:27 - [TEST_STEP][PASSED] - closeBrowser(): Browser is closed

27-05-2026T10:03:27 - [MESSAGE][PASSED] - Browser is closed

27-05-2026T10:03:27 - [TEST_STEP][PASSED] - fisW = new java.io.FileInputStream(testDataPath): null

27-05-2026T10:03:27 - [TEST_STEP][PASSED] - wbW = new org.apache.poi.xssf.usermodel.XSSFWorkbook(fisW): null

27-05-2026T10:03:27 - [TEST_STEP][PASSED] - fisW.close(): null

27-05-2026T10:03:27 - [TEST_STEP][PASSED] - createCell(6).setCellValue(ketQua): null

27-05-2026T10:03:27 - [TEST_STEP][PASSED] - fos = new java.io.FileOutputStream(testDataPath): null

27-05-2026T10:03:27 - [TEST_STEP][PASSED] - wbW.write(fos): null

27-05-2026T10:03:27 - [TEST_STEP][PASSED] - fos.close(): null

27-05-2026T10:03:27 - [TEST_STEP][PASSED] - wbW.close(): null

27-05-2026T10:03:27 - [TEST_STEP][PASSED] - row = sheet.getRow(i): null

27-05-2026T10:03:27 - [TEST_STEP][PASSED] - if (row == null): null

27-05-2026T10:03:27 - [TEST_STEP][PASSED] - stt = (fmt.formatCellValue(row.getCell(0))?.trim()) ? fmt.formatCellValue(row.getCell(0))?.trim() : : null

27-05-2026T10:03:27 - [TEST_STEP][PASSED] - moTa = (fmt.formatCellValue(row.getCell(1))?.trim()) ? fmt.formatCellValue(row.getCell(1))?.trim() : : null

27-05-2026T10:03:27 - [TEST_STEP][PASSED] - email = (fmt.formatCellValue(row.getCell(2))?.trim()) ? fmt.formatCellValue(row.getCell(2))?.trim() : : null

27-05-2026T10:03:27 - [TEST_STEP][PASSED] - matKhau = (fmt.formatCellValue(row.getCell(3))?.trim()) ? fmt.formatCellValue(row.getCell(3))?.trim() : : null

27-05-2026T10:03:27 - [TEST_STEP][PASSED] - ghiNho = (fmt.formatCellValue(row.getCell(4))?.trim()) ? fmt.formatCellValue(row.getCell(4))?.trim() : : null

27-05-2026T10:03:27 - [TEST_STEP][PASSED] - ketQuaMong = (fmt.formatCellValue(row.getCell(5))?.trim()) ? fmt.formatCellValue(row.getCell(5))?.trim() : : null

27-05-2026T10:03:27 - [TEST_STEP][PASSED] - if (email.isEmpty()): null

27-05-2026T10:03:27 - [TEST_STEP][PASSED] - comment(=== TC01 Row $stt: $moTa ===): === TC01 Row 3.0: HocVien đăng nhập thành công ===

27-05-2026T10:03:27 - [MESSAGE][INFO] - === TC01 Row 3.0: HocVien đăng nhập thành công ===

27-05-2026T10:03:27 - [TEST_STEP][PASSED] - ketQua = "FAIL": null

27-05-2026T10:03:27 - [TEST_STEP][PASSED] - try: PASS: Đăng nhập thành công → http://localhost:5125/HocVien/Dashboard

27-05-2026T10:03:27 - [TEST_STEP][PASSED] - openBrowser(BASE_URL + "/Account/Login"): Browser is opened with url: 'http://localhost:5125/Account/Login'

27-05-2026T10:03:27 - [MESSAGE][INFO] - Starting 'Chrome' driver

27-05-2026T10:03:27 - [MESSAGE][INFO] - Action delay is set to 0 milliseconds

27-05-2026T10:03:28 - [MESSAGE][PASSED] - Browser is opened with url: 'http://localhost:5125/Account/Login'

27-05-2026T10:03:28 - [TEST_STEP][PASSED] - maximizeWindow(): Current window maximized

27-05-2026T10:03:28 - [MESSAGE][PASSED] - Current window maximized

27-05-2026T10:03:28 - [TEST_STEP][PASSED] - waitForElementVisible(findTestObject("Object Repository/Page_Login/input_Email"), timeout): Object 'Object Repository/Page_Login/input_Email' is visible

27-05-2026T10:03:29 - [MESSAGE][PASSED] - Object 'Object Repository/Page_Login/input_Email' is visible

27-05-2026T10:03:29 - [TEST_STEP][PASSED] - clearText(findTestObject("Object Repository/Page_Login/input_Email")): Text of object 'Object Repository/Page_Login/input_Email' is cleared

27-05-2026T10:03:29 - [MESSAGE][PASSED] - Text of object 'Object Repository/Page_Login/input_Email' is cleared

27-05-2026T10:03:29 - [TEST_STEP][PASSED] - setText(findTestObject("Object Repository/Page_Login/input_Email"), email): Text 'hv01@nnl.com' is set on object 'Object Repository/Page_Login/input_Email'

27-05-2026T10:03:29 - [MESSAGE][PASSED] - Text 'hv01@nnl.com' is set on object 'Object Repository/Page_Login/input_Email'

27-05-2026T10:03:29 - [TEST_STEP][PASSED] - clearText(findTestObject("Object Repository/Page_Login/input_MatKhau")): Text of object 'Object Repository/Page_Login/input_MatKhau' is cleared

27-05-2026T10:03:30 - [MESSAGE][PASSED] - Text of object 'Object Repository/Page_Login/input_MatKhau' is cleared

27-05-2026T10:03:30 - [TEST_STEP][PASSED] - setText(findTestObject("Object Repository/Page_Login/input_MatKhau"), matKhau): Text 'Hv@123' is set on object 'Object Repository/Page_Login/input_MatKhau'

27-05-2026T10:03:30 - [MESSAGE][PASSED] - Text 'Hv@123' is set on object 'Object Repository/Page_Login/input_MatKhau'

27-05-2026T10:03:30 - [TEST_STEP][PASSED] - if ("true".equalsIgnoreCase(ghiNho)): null

27-05-2026T10:03:30 - [TEST_STEP][PASSED] - click(findTestObject("Object Repository/Page_Login/btn_DangNhap")): Object: 'Object Repository/Page_Login/btn_DangNhap' is clicked on

27-05-2026T10:03:31 - [MESSAGE][PASSED] - Object: 'Object Repository/Page_Login/btn_DangNhap' is clicked on

27-05-2026T10:03:31 - [TEST_STEP][PASSED] - waitForPageLoad(timeout): Wait for page load successfully

27-05-2026T10:03:31 - [MESSAGE][PASSED] - Wait for page load successfully

27-05-2026T10:03:31 - [TEST_STEP][PASSED] - url = getUrl(): Current window's url is: 'http://localhost:5125/HocVien/Dashboard'

27-05-2026T10:03:31 - [MESSAGE][PASSED] - Current window's url is: 'http://localhost:5125/HocVien/Dashboard'

27-05-2026T10:03:31 - [TEST_STEP][PASSED] - if ("ThanhCong".equalsIgnoreCase(ketQuaMong)): PASS: Đăng nhập thành công → http://localhost:5125/HocVien/Dashboard

27-05-2026T10:03:31 - [TEST_STEP][PASSED] - if (!(url.contains("/Account/Login"))): PASS: Đăng nhập thành công → http://localhost:5125/HocVien/Dashboard

27-05-2026T10:03:31 - [TEST_STEP][PASSED] - ketQua = "PASS": null

27-05-2026T10:03:31 - [TEST_STEP][PASSED] - comment(PASS: Đăng nhập thành công → $url): PASS: Đăng nhập thành công → http://localhost:5125/HocVien/Dashboard

27-05-2026T10:03:31 - [MESSAGE][INFO] - PASS: Đăng nhập thành công → http://localhost:5125/HocVien/Dashboard

27-05-2026T10:03:31 - [TEST_STEP][PASSED] - Finally: Browser is closed

27-05-2026T10:03:31 - [TEST_STEP][PASSED] - try: Browser is closed

27-05-2026T10:03:31 - [TEST_STEP][PASSED] - closeBrowser(): Browser is closed

27-05-2026T10:03:31 - [MESSAGE][PASSED] - Browser is closed

27-05-2026T10:03:31 - [TEST_STEP][PASSED] - fisW = new java.io.FileInputStream(testDataPath): null

27-05-2026T10:03:31 - [TEST_STEP][PASSED] - wbW = new org.apache.poi.xssf.usermodel.XSSFWorkbook(fisW): null

27-05-2026T10:03:31 - [TEST_STEP][PASSED] - fisW.close(): null

27-05-2026T10:03:31 - [TEST_STEP][PASSED] - createCell(6).setCellValue(ketQua): null

27-05-2026T10:03:31 - [TEST_STEP][PASSED] - fos = new java.io.FileOutputStream(testDataPath): null

27-05-2026T10:03:31 - [TEST_STEP][PASSED] - wbW.write(fos): null

27-05-2026T10:03:31 - [TEST_STEP][PASSED] - fos.close(): null

27-05-2026T10:03:31 - [TEST_STEP][PASSED] - wbW.close(): null

27-05-2026T10:03:31 - [TEST_STEP][PASSED] - row = sheet.getRow(i): null

27-05-2026T10:03:31 - [TEST_STEP][PASSED] - if (row == null): null

27-05-2026T10:03:31 - [TEST_STEP][PASSED] - stt = (fmt.formatCellValue(row.getCell(0))?.trim()) ? fmt.formatCellValue(row.getCell(0))?.trim() : : null

27-05-2026T10:03:31 - [TEST_STEP][PASSED] - moTa = (fmt.formatCellValue(row.getCell(1))?.trim()) ? fmt.formatCellValue(row.getCell(1))?.trim() : : null

27-05-2026T10:03:31 - [TEST_STEP][PASSED] - email = (fmt.formatCellValue(row.getCell(2))?.trim()) ? fmt.formatCellValue(row.getCell(2))?.trim() : : null

27-05-2026T10:03:31 - [TEST_STEP][PASSED] - matKhau = (fmt.formatCellValue(row.getCell(3))?.trim()) ? fmt.formatCellValue(row.getCell(3))?.trim() : : null

27-05-2026T10:03:31 - [TEST_STEP][PASSED] - ghiNho = (fmt.formatCellValue(row.getCell(4))?.trim()) ? fmt.formatCellValue(row.getCell(4))?.trim() : : null

27-05-2026T10:03:31 - [TEST_STEP][PASSED] - ketQuaMong = (fmt.formatCellValue(row.getCell(5))?.trim()) ? fmt.formatCellValue(row.getCell(5))?.trim() : : null

27-05-2026T10:03:31 - [TEST_STEP][PASSED] - if (email.isEmpty()): null

27-05-2026T10:03:31 - [TEST_STEP][PASSED] - comment(=== TC01 Row $stt: $moTa ===): === TC01 Row 4.0: Đăng nhập sai mật khẩu ===

27-05-2026T10:03:31 - [MESSAGE][INFO] - === TC01 Row 4.0: Đăng nhập sai mật khẩu ===

27-05-2026T10:03:31 - [TEST_STEP][PASSED] - ketQua = "FAIL": null

27-05-2026T10:03:31 - [TEST_STEP][PASSED] - try: PASS: Đăng nhập thất bại như mong đợi

27-05-2026T10:03:31 - [TEST_STEP][PASSED] - openBrowser(BASE_URL + "/Account/Login"): Browser is opened with url: 'http://localhost:5125/Account/Login'

27-05-2026T10:03:31 - [MESSAGE][INFO] - Starting 'Chrome' driver

27-05-2026T10:03:31 - [MESSAGE][INFO] - Action delay is set to 0 milliseconds

27-05-2026T10:03:32 - [MESSAGE][PASSED] - Browser is opened with url: 'http://localhost:5125/Account/Login'

27-05-2026T10:03:32 - [TEST_STEP][PASSED] - maximizeWindow(): Current window maximized

27-05-2026T10:03:32 - [MESSAGE][PASSED] - Current window maximized

27-05-2026T10:03:32 - [TEST_STEP][PASSED] - waitForElementVisible(findTestObject("Object Repository/Page_Login/input_Email"), timeout): Object 'Object Repository/Page_Login/input_Email' is visible

27-05-2026T10:03:33 - [MESSAGE][PASSED] - Object 'Object Repository/Page_Login/input_Email' is visible

27-05-2026T10:03:33 - [TEST_STEP][PASSED] - clearText(findTestObject("Object Repository/Page_Login/input_Email")): Text of object 'Object Repository/Page_Login/input_Email' is cleared

27-05-2026T10:03:33 - [MESSAGE][PASSED] - Text of object 'Object Repository/Page_Login/input_Email' is cleared

27-05-2026T10:03:33 - [TEST_STEP][PASSED] - setText(findTestObject("Object Repository/Page_Login/input_Email"), email): Text 'admin@nnl.com' is set on object 'Object Repository/Page_Login/input_Email'

27-05-2026T10:03:33 - [MESSAGE][PASSED] - Text 'admin@nnl.com' is set on object 'Object Repository/Page_Login/input_Email'

27-05-2026T10:03:33 - [TEST_STEP][PASSED] - clearText(findTestObject("Object Repository/Page_Login/input_MatKhau")): Text of object 'Object Repository/Page_Login/input_MatKhau' is cleared

27-05-2026T10:03:34 - [MESSAGE][PASSED] - Text of object 'Object Repository/Page_Login/input_MatKhau' is cleared

27-05-2026T10:03:34 - [TEST_STEP][PASSED] - setText(findTestObject("Object Repository/Page_Login/input_MatKhau"), matKhau): Text 'WrongPass@123' is set on object 'Object Repository/Page_Login/input_MatKhau'

27-05-2026T10:03:34 - [MESSAGE][PASSED] - Text 'WrongPass@123' is set on object 'Object Repository/Page_Login/input_MatKhau'

27-05-2026T10:03:34 - [TEST_STEP][PASSED] - if ("true".equalsIgnoreCase(ghiNho)): null

27-05-2026T10:03:34 - [TEST_STEP][PASSED] - click(findTestObject("Object Repository/Page_Login/btn_DangNhap")): Object: 'Object Repository/Page_Login/btn_DangNhap' is clicked on

27-05-2026T10:03:35 - [MESSAGE][PASSED] - Object: 'Object Repository/Page_Login/btn_DangNhap' is clicked on

27-05-2026T10:03:35 - [TEST_STEP][PASSED] - waitForPageLoad(timeout): Wait for page load successfully

27-05-2026T10:03:35 - [MESSAGE][PASSED] - Wait for page load successfully

27-05-2026T10:03:35 - [TEST_STEP][PASSED] - url = getUrl(): Current window's url is: 'http://localhost:5125/Account/Login'

27-05-2026T10:03:35 - [MESSAGE][PASSED] - Current window's url is: 'http://localhost:5125/Account/Login'

27-05-2026T10:03:35 - [TEST_STEP][PASSED] - if ("ThanhCong".equalsIgnoreCase(ketQuaMong)): null

27-05-2026T10:03:35 - [TEST_STEP][PASSED] - else: PASS: Đăng nhập thất bại như mong đợi

27-05-2026T10:03:35 - [TEST_STEP][PASSED] - hasError = verifyElementPresent(findTestObject("Object Repository/Page_Login/div_AlertDanger"), timeout, OPTIONAL): Object 'Object Repository/Page_Login/div_AlertDanger' is present

27-05-2026T10:03:35 - [MESSAGE][PASSED] - Object 'Object Repository/Page_Login/div_AlertDanger' is present

27-05-2026T10:03:35 - [TEST_STEP][PASSED] - if (hasError || url.contains("/Account/Login")): PASS: Đăng nhập thất bại như mong đợi

27-05-2026T10:03:35 - [TEST_STEP][PASSED] - ketQua = "PASS": null

27-05-2026T10:03:35 - [TEST_STEP][PASSED] - comment("PASS: Đăng nhập thất bại như mong đợi"): PASS: Đăng nhập thất bại như mong đợi

27-05-2026T10:03:35 - [MESSAGE][INFO] - PASS: Đăng nhập thất bại như mong đợi

27-05-2026T10:03:35 - [TEST_STEP][PASSED] - Finally: Browser is closed

27-05-2026T10:03:35 - [TEST_STEP][PASSED] - try: Browser is closed

27-05-2026T10:03:35 - [TEST_STEP][PASSED] - closeBrowser(): Browser is closed

27-05-2026T10:03:35 - [MESSAGE][PASSED] - Browser is closed

27-05-2026T10:03:35 - [TEST_STEP][PASSED] - fisW = new java.io.FileInputStream(testDataPath): null

27-05-2026T10:03:35 - [TEST_STEP][PASSED] - wbW = new org.apache.poi.xssf.usermodel.XSSFWorkbook(fisW): null

27-05-2026T10:03:35 - [TEST_STEP][PASSED] - fisW.close(): null

27-05-2026T10:03:35 - [TEST_STEP][PASSED] - createCell(6).setCellValue(ketQua): null

27-05-2026T10:03:35 - [TEST_STEP][PASSED] - fos = new java.io.FileOutputStream(testDataPath): null

27-05-2026T10:03:35 - [TEST_STEP][PASSED] - wbW.write(fos): null

27-05-2026T10:03:35 - [TEST_STEP][PASSED] - fos.close(): null

27-05-2026T10:03:35 - [TEST_STEP][PASSED] - wbW.close(): null

27-05-2026T10:03:35 - [TEST_STEP][PASSED] - row = sheet.getRow(i): null

27-05-2026T10:03:35 - [TEST_STEP][PASSED] - if (row == null): null

27-05-2026T10:03:35 - [TEST_STEP][PASSED] - stt = (fmt.formatCellValue(row.getCell(0))?.trim()) ? fmt.formatCellValue(row.getCell(0))?.trim() : : null

27-05-2026T10:03:35 - [TEST_STEP][PASSED] - moTa = (fmt.formatCellValue(row.getCell(1))?.trim()) ? fmt.formatCellValue(row.getCell(1))?.trim() : : null

27-05-2026T10:03:35 - [TEST_STEP][PASSED] - email = (fmt.formatCellValue(row.getCell(2))?.trim()) ? fmt.formatCellValue(row.getCell(2))?.trim() : : null

27-05-2026T10:03:35 - [TEST_STEP][PASSED] - matKhau = (fmt.formatCellValue(row.getCell(3))?.trim()) ? fmt.formatCellValue(row.getCell(3))?.trim() : : null

27-05-2026T10:03:35 - [TEST_STEP][PASSED] - ghiNho = (fmt.formatCellValue(row.getCell(4))?.trim()) ? fmt.formatCellValue(row.getCell(4))?.trim() : : null

27-05-2026T10:03:35 - [TEST_STEP][PASSED] - ketQuaMong = (fmt.formatCellValue(row.getCell(5))?.trim()) ? fmt.formatCellValue(row.getCell(5))?.trim() : : null

27-05-2026T10:03:35 - [TEST_STEP][PASSED] - if (email.isEmpty()): null

27-05-2026T10:03:35 - [TEST_STEP][PASSED] - comment(=== TC01 Row $stt: $moTa ===): === TC01 Row 5.0: Email không tồn tại trong DB ===

27-05-2026T10:03:35 - [MESSAGE][INFO] - === TC01 Row 5.0: Email không tồn tại trong DB ===

27-05-2026T10:03:35 - [TEST_STEP][PASSED] - ketQua = "FAIL": null

27-05-2026T10:03:35 - [TEST_STEP][PASSED] - try: PASS: Đăng nhập thất bại như mong đợi

27-05-2026T10:03:35 - [TEST_STEP][PASSED] - openBrowser(BASE_URL + "/Account/Login"): Browser is opened with url: 'http://localhost:5125/Account/Login'

27-05-2026T10:03:35 - [MESSAGE][INFO] - Starting 'Chrome' driver

27-05-2026T10:03:35 - [MESSAGE][INFO] - Action delay is set to 0 milliseconds

27-05-2026T10:03:36 - [MESSAGE][PASSED] - Browser is opened with url: 'http://localhost:5125/Account/Login'

27-05-2026T10:03:36 - [TEST_STEP][PASSED] - maximizeWindow(): Current window maximized

27-05-2026T10:03:37 - [MESSAGE][PASSED] - Current window maximized

27-05-2026T10:03:37 - [TEST_STEP][PASSED] - waitForElementVisible(findTestObject("Object Repository/Page_Login/input_Email"), timeout): Object 'Object Repository/Page_Login/input_Email' is visible

27-05-2026T10:03:37 - [MESSAGE][PASSED] - Object 'Object Repository/Page_Login/input_Email' is visible

27-05-2026T10:03:37 - [TEST_STEP][PASSED] - clearText(findTestObject("Object Repository/Page_Login/input_Email")): Text of object 'Object Repository/Page_Login/input_Email' is cleared

27-05-2026T10:03:37 - [MESSAGE][PASSED] - Text of object 'Object Repository/Page_Login/input_Email' is cleared

27-05-2026T10:03:37 - [TEST_STEP][PASSED] - setText(findTestObject("Object Repository/Page_Login/input_Email"), email): Text 'khongtontai@test.com' is set on object 'Object Repository/Page_Login/input_Email'

27-05-2026T10:03:38 - [MESSAGE][PASSED] - Text 'khongtontai@test.com' is set on object 'Object Repository/Page_Login/input_Email'

27-05-2026T10:03:38 - [TEST_STEP][PASSED] - clearText(findTestObject("Object Repository/Page_Login/input_MatKhau")): Text of object 'Object Repository/Page_Login/input_MatKhau' is cleared

27-05-2026T10:03:38 - [MESSAGE][PASSED] - Text of object 'Object Repository/Page_Login/input_MatKhau' is cleared

27-05-2026T10:03:38 - [TEST_STEP][PASSED] - setText(findTestObject("Object Repository/Page_Login/input_MatKhau"), matKhau): Text 'abc123' is set on object 'Object Repository/Page_Login/input_MatKhau'

27-05-2026T10:03:39 - [MESSAGE][PASSED] - Text 'abc123' is set on object 'Object Repository/Page_Login/input_MatKhau'

27-05-2026T10:03:39 - [TEST_STEP][PASSED] - if ("true".equalsIgnoreCase(ghiNho)): null

27-05-2026T10:03:39 - [TEST_STEP][PASSED] - click(findTestObject("Object Repository/Page_Login/btn_DangNhap")): Object: 'Object Repository/Page_Login/btn_DangNhap' is clicked on

27-05-2026T10:03:39 - [MESSAGE][PASSED] - Object: 'Object Repository/Page_Login/btn_DangNhap' is clicked on

27-05-2026T10:03:39 - [TEST_STEP][PASSED] - waitForPageLoad(timeout): Wait for page load successfully

27-05-2026T10:03:39 - [MESSAGE][PASSED] - Wait for page load successfully

27-05-2026T10:03:39 - [TEST_STEP][PASSED] - url = getUrl(): Current window's url is: 'http://localhost:5125/Account/Login'

27-05-2026T10:03:39 - [MESSAGE][PASSED] - Current window's url is: 'http://localhost:5125/Account/Login'

27-05-2026T10:03:39 - [TEST_STEP][PASSED] - if ("ThanhCong".equalsIgnoreCase(ketQuaMong)): null

27-05-2026T10:03:39 - [TEST_STEP][PASSED] - else: PASS: Đăng nhập thất bại như mong đợi

27-05-2026T10:03:39 - [TEST_STEP][PASSED] - hasError = verifyElementPresent(findTestObject("Object Repository/Page_Login/div_AlertDanger"), timeout, OPTIONAL): Object 'Object Repository/Page_Login/div_AlertDanger' is present

27-05-2026T10:03:40 - [MESSAGE][PASSED] - Object 'Object Repository/Page_Login/div_AlertDanger' is present

27-05-2026T10:03:40 - [TEST_STEP][PASSED] - if (hasError || url.contains("/Account/Login")): PASS: Đăng nhập thất bại như mong đợi

27-05-2026T10:03:40 - [TEST_STEP][PASSED] - ketQua = "PASS": null

27-05-2026T10:03:40 - [TEST_STEP][PASSED] - comment("PASS: Đăng nhập thất bại như mong đợi"): PASS: Đăng nhập thất bại như mong đợi

27-05-2026T10:03:40 - [MESSAGE][INFO] - PASS: Đăng nhập thất bại như mong đợi

27-05-2026T10:03:40 - [TEST_STEP][PASSED] - Finally: Browser is closed

27-05-2026T10:03:40 - [TEST_STEP][PASSED] - try: Browser is closed

27-05-2026T10:03:40 - [TEST_STEP][PASSED] - closeBrowser(): Browser is closed

27-05-2026T10:03:40 - [MESSAGE][PASSED] - Browser is closed

27-05-2026T10:03:40 - [TEST_STEP][PASSED] - fisW = new java.io.FileInputStream(testDataPath): null

27-05-2026T10:03:40 - [TEST_STEP][PASSED] - wbW = new org.apache.poi.xssf.usermodel.XSSFWorkbook(fisW): null

27-05-2026T10:03:40 - [TEST_STEP][PASSED] - fisW.close(): null

27-05-2026T10:03:40 - [TEST_STEP][PASSED] - createCell(6).setCellValue(ketQua): null

27-05-2026T10:03:40 - [TEST_STEP][PASSED] - fos = new java.io.FileOutputStream(testDataPath): null

27-05-2026T10:03:40 - [TEST_STEP][PASSED] - wbW.write(fos): null

27-05-2026T10:03:40 - [TEST_STEP][PASSED] - fos.close(): null

27-05-2026T10:03:40 - [TEST_STEP][PASSED] - wbW.close(): null

27-05-2026T10:03:40 - [TEST_STEP][PASSED] - row = sheet.getRow(i): null

27-05-2026T10:03:40 - [TEST_STEP][PASSED] - if (row == null): null

27-05-2026T10:03:40 - [TEST_STEP][PASSED] - stt = (fmt.formatCellValue(row.getCell(0))?.trim()) ? fmt.formatCellValue(row.getCell(0))?.trim() : : null

27-05-2026T10:03:40 - [TEST_STEP][PASSED] - moTa = (fmt.formatCellValue(row.getCell(1))?.trim()) ? fmt.formatCellValue(row.getCell(1))?.trim() : : null

27-05-2026T10:03:40 - [TEST_STEP][PASSED] - email = (fmt.formatCellValue(row.getCell(2))?.trim()) ? fmt.formatCellValue(row.getCell(2))?.trim() : : null

27-05-2026T10:03:40 - [TEST_STEP][PASSED] - matKhau = (fmt.formatCellValue(row.getCell(3))?.trim()) ? fmt.formatCellValue(row.getCell(3))?.trim() : : null

27-05-2026T10:03:40 - [TEST_STEP][PASSED] - ghiNho = (fmt.formatCellValue(row.getCell(4))?.trim()) ? fmt.formatCellValue(row.getCell(4))?.trim() : : null

27-05-2026T10:03:40 - [TEST_STEP][PASSED] - ketQuaMong = (fmt.formatCellValue(row.getCell(5))?.trim()) ? fmt.formatCellValue(row.getCell(5))?.trim() : : null

27-05-2026T10:03:40 - [TEST_STEP][PASSED] - if (email.isEmpty()): null

27-05-2026T10:03:40 - [TEST_STEP][PASSED] - comment(=== TC01 Row $stt: $moTa ===): === TC01 Row 6.0: Ghi nhớ đăng nhập (Remember Me) ===

27-05-2026T10:03:40 - [MESSAGE][INFO] - === TC01 Row 6.0: Ghi nhớ đăng nhập (Remember Me) ===

27-05-2026T10:03:40 - [TEST_STEP][PASSED] - ketQua = "FAIL": null

27-05-2026T10:03:40 - [TEST_STEP][PASSED] - try: PASS: Đăng nhập thành công → http://localhost:5125/HocVien/Dashboard

27-05-2026T10:03:40 - [TEST_STEP][PASSED] - openBrowser(BASE_URL + "/Account/Login"): Browser is opened with url: 'http://localhost:5125/Account/Login'

27-05-2026T10:03:40 - [MESSAGE][INFO] - Starting 'Chrome' driver

27-05-2026T10:03:40 - [MESSAGE][INFO] - Action delay is set to 0 milliseconds

27-05-2026T10:03:41 - [MESSAGE][PASSED] - Browser is opened with url: 'http://localhost:5125/Account/Login'

27-05-2026T10:03:41 - [TEST_STEP][PASSED] - maximizeWindow(): Current window maximized

27-05-2026T10:03:41 - [MESSAGE][PASSED] - Current window maximized

27-05-2026T10:03:41 - [TEST_STEP][PASSED] - waitForElementVisible(findTestObject("Object Repository/Page_Login/input_Email"), timeout): Object 'Object Repository/Page_Login/input_Email' is visible

27-05-2026T10:03:41 - [MESSAGE][PASSED] - Object 'Object Repository/Page_Login/input_Email' is visible

27-05-2026T10:03:41 - [TEST_STEP][PASSED] - clearText(findTestObject("Object Repository/Page_Login/input_Email")): Text of object 'Object Repository/Page_Login/input_Email' is cleared

27-05-2026T10:03:41 - [MESSAGE][PASSED] - Text of object 'Object Repository/Page_Login/input_Email' is cleared

27-05-2026T10:03:41 - [TEST_STEP][PASSED] - setText(findTestObject("Object Repository/Page_Login/input_Email"), email): Text 'hv01@nnl.com' is set on object 'Object Repository/Page_Login/input_Email'

27-05-2026T10:03:42 - [MESSAGE][PASSED] - Text 'hv01@nnl.com' is set on object 'Object Repository/Page_Login/input_Email'

27-05-2026T10:03:42 - [TEST_STEP][PASSED] - clearText(findTestObject("Object Repository/Page_Login/input_MatKhau")): Text of object 'Object Repository/Page_Login/input_MatKhau' is cleared

27-05-2026T10:03:42 - [MESSAGE][PASSED] - Text of object 'Object Repository/Page_Login/input_MatKhau' is cleared

27-05-2026T10:03:42 - [TEST_STEP][PASSED] - setText(findTestObject("Object Repository/Page_Login/input_MatKhau"), matKhau): Text 'Hv@123' is set on object 'Object Repository/Page_Login/input_MatKhau'

27-05-2026T10:03:43 - [MESSAGE][PASSED] - Text 'Hv@123' is set on object 'Object Repository/Page_Login/input_MatKhau'

27-05-2026T10:03:43 - [TEST_STEP][PASSED] - if ("true".equalsIgnoreCase(ghiNho)): Object: 'Object Repository/Page_Login/chk_GhiNho' is clicked on

27-05-2026T10:03:43 - [TEST_STEP][WARNING] - checked = verifyElementChecked(findTestObject("Object Repository/Page_Login/chk_GhiNho"), timeout, OPTIONAL): Object 'Object Repository/Page_Login/chk_GhiNho' is not checked (Root cause: com.kms.katalon.core.exception.StepFailedException: Object 'Object Repository/Page_Login/chk_GhiNho' is not checked
	at com.kms.katalon.core.webui.keyword.internal.WebUIKeywordMain.stepFailed(WebUIKeywordMain.groovy:177)
	at com.kms.katalon.core.webui.keyword.builtin.VerifyElementCheckedKeyword$_verifyElementChecked_closure1.doCall(VerifyElementCheckedKeyword.groovy:60)
	at java.base/jdk.internal.reflect.DirectMethodHandleAccessor.invoke(DirectMethodHandleAccessor.java:103)
	at jdk.proxy2/jdk.proxy2.$Proxy59.execute(Unknown Source)
	at com.kms.katalon.core.webui.model.SeleniumActionRetryController.performAction(SeleniumActionRetryController.java:96)
	at com.kms.katalon.core.webui.model.SeleniumActionRetryController.performAction(SeleniumActionRetryController.java:83)
	at com.kms.katalon.core.webui.keyword.internal.WebUIKeywordMain$_runKeywordUntilTimeout_closure1.doCall(WebUIKeywordMain.groovy:135)
	at com.kms.katalon.core.webui.keyword.internal.WebUIKeywordMain$_runKeywordUntilTimeout_closure1.call(WebUIKeywordMain.groovy)
	at com.kms.katalon.core.webui.keyword.internal.WebUIKeywordMain.runKeyword(WebUIKeywordMain.groovy:41)
	at com.kms.katalon.core.webui.keyword.internal.WebUIKeywordMain.runKeywordUntilTimeout(WebUIKeywordMain.groovy:133)
	at com.kms.katalon.core.webui.keyword.builtin.VerifyElementCheckedKeyword.verifyElementChecked(VerifyElementCheckedKeyword.groovy:71)
	at com.kms.katalon.core.webui.keyword.builtin.VerifyElementCheckedKeyword.execute(VerifyElementCheckedKeyword.groovy:40)
	at com.kms.katalon.core.keyword.internal.KeywordExecutor.executeKeywordForPlatform(KeywordExecutor.groovy:99)
	at com.kms.katalon.core.webui.keyword.WebUiBuiltInKeywords.verifyElementChecked(WebUiBuiltInKeywords.groovy:1484)
	at TC01_DangNhap.run(TC01_DangNhap:57)
	at com.kms.katalon.core.main.ScriptEngine.run(ScriptEngine.java:203)
	at com.kms.katalon.core.main.ScriptEngine.runScriptAsRawText(ScriptEngine.java:115)
	at com.kms.katalon.core.main.TestCaseExecutor.runScript(TestCaseExecutor.java:504)
	at com.kms.katalon.core.main.TestCaseExecutor.doExecute(TestCaseExecutor.java:495)
	at com.kms.katalon.core.main.TestCaseExecutor.processExecutionPhase(TestCaseExecutor.java:474)
	at com.kms.katalon.core.main.TestCaseExecutor.accessMainPhase(TestCaseExecutor.java:466)
	at com.kms.katalon.core.main.TestCaseExecutor.execute(TestCaseExecutor.java:336)
	at com.kms.katalon.core.common.CommonExecutor.accessTestCaseMainPhase(CommonExecutor.java:71)
	at com.kms.katalon.core.main.TestSuiteExecutor.accessTestSuiteMainPhase(TestSuiteExecutor.java:153)
	at com.kms.katalon.core.main.TestSuiteExecutor.execute(TestSuiteExecutor.java:110)
	at com.kms.katalon.core.main.TestCaseMain.startTestSuite(TestCaseMain.java:206)
	at S0527_2.run(S0527_2.groovy:40)
	at java.base/jdk.internal.reflect.DirectMethodHandleAccessor.invoke(DirectMethodHandleAccessor.java:103)
)

27-05-2026T10:03:43 - [MESSAGE][WARNING] - Object 'Object Repository/Page_Login/chk_GhiNho' is not checked (Root cause: com.kms.katalon.core.exception.StepFailedException: Object 'Object Repository/Page_Login/chk_GhiNho' is not checked
	at com.kms.katalon.core.webui.keyword.internal.WebUIKeywordMain.stepFailed(WebUIKeywordMain.groovy:177)
	at com.kms.katalon.core.webui.keyword.builtin.VerifyElementCheckedKeyword$_verifyElementChecked_closure1.doCall(VerifyElementCheckedKeyword.groovy:60)
	at java.base/jdk.internal.reflect.DirectMethodHandleAccessor.invoke(DirectMethodHandleAccessor.java:103)
	at jdk.proxy2/jdk.proxy2.$Proxy59.execute(Unknown Source)
	at com.kms.katalon.core.webui.model.SeleniumActionRetryController.performAction(SeleniumActionRetryController.java:96)
	at com.kms.katalon.core.webui.model.SeleniumActionRetryController.performAction(SeleniumActionRetryController.java:83)
	at com.kms.katalon.core.webui.keyword.internal.WebUIKeywordMain$_runKeywordUntilTimeout_closure1.doCall(WebUIKeywordMain.groovy:135)
	at com.kms.katalon.core.webui.keyword.internal.WebUIKeywordMain$_runKeywordUntilTimeout_closure1.call(WebUIKeywordMain.groovy)
	at com.kms.katalon.core.webui.keyword.internal.WebUIKeywordMain.runKeyword(WebUIKeywordMain.groovy:41)
	at com.kms.katalon.core.webui.keyword.internal.WebUIKeywordMain.runKeywordUntilTimeout(WebUIKeywordMain.groovy:133)
	at com.kms.katalon.core.webui.keyword.builtin.VerifyElementCheckedKeyword.verifyElementChecked(VerifyElementCheckedKeyword.groovy:71)
	at com.kms.katalon.core.webui.keyword.builtin.VerifyElementCheckedKeyword.execute(VerifyElementCheckedKeyword.groovy:40)
	at com.kms.katalon.core.keyword.internal.KeywordExecutor.executeKeywordForPlatform(KeywordExecutor.groovy:99)
	at com.kms.katalon.core.webui.keyword.WebUiBuiltInKeywords.verifyElementChecked(WebUiBuiltInKeywords.groovy:1484)
	at TC01_DangNhap.run(TC01_DangNhap:57)
	at com.kms.katalon.core.main.ScriptEngine.run(ScriptEngine.java:203)
	at com.kms.katalon.core.main.ScriptEngine.runScriptAsRawText(ScriptEngine.java:115)
	at com.kms.katalon.core.main.TestCaseExecutor.runScript(TestCaseExecutor.java:504)
	at com.kms.katalon.core.main.TestCaseExecutor.doExecute(TestCaseExecutor.java:495)
	at com.kms.katalon.core.main.TestCaseExecutor.processExecutionPhase(TestCaseExecutor.java:474)
	at com.kms.katalon.core.main.TestCaseExecutor.accessMainPhase(TestCaseExecutor.java:466)
	at com.kms.katalon.core.main.TestCaseExecutor.execute(TestCaseExecutor.java:336)
	at com.kms.katalon.core.common.CommonExecutor.accessTestCaseMainPhase(CommonExecutor.java:71)
	at com.kms.katalon.core.main.TestSuiteExecutor.accessTestSuiteMainPhase(TestSuiteExecutor.java:153)
	at com.kms.katalon.core.main.TestSuiteExecutor.execute(TestSuiteExecutor.java:110)
	at com.kms.katalon.core.main.TestCaseMain.startTestSuite(TestCaseMain.java:206)
	at S0527_2.run(S0527_2.groovy:40)
	at java.base/jdk.internal.reflect.DirectMethodHandleAccessor.invoke(DirectMethodHandleAccessor.java:103)
)

27-05-2026T10:03:43 - [TEST_STEP][PASSED] - if (!(checked)): Object: 'Object Repository/Page_Login/chk_GhiNho' is clicked on

27-05-2026T10:03:43 - [MESSAGE][PASSED] - Object: 'Object Repository/Page_Login/chk_GhiNho' is clicked on

27-05-2026T10:03:43 - [TEST_STEP][PASSED] - click(findTestObject("Object Repository/Page_Login/btn_DangNhap")): Object: 'Object Repository/Page_Login/btn_DangNhap' is clicked on

27-05-2026T10:03:44 - [MESSAGE][PASSED] - Object: 'Object Repository/Page_Login/btn_DangNhap' is clicked on

27-05-2026T10:03:44 - [TEST_STEP][PASSED] - waitForPageLoad(timeout): Wait for page load successfully

27-05-2026T10:03:44 - [MESSAGE][PASSED] - Wait for page load successfully

27-05-2026T10:03:44 - [TEST_STEP][PASSED] - url = getUrl(): Current window's url is: 'http://localhost:5125/HocVien/Dashboard'

27-05-2026T10:03:44 - [MESSAGE][PASSED] - Current window's url is: 'http://localhost:5125/HocVien/Dashboard'

27-05-2026T10:03:44 - [TEST_STEP][PASSED] - if ("ThanhCong".equalsIgnoreCase(ketQuaMong)): PASS: Đăng nhập thành công → http://localhost:5125/HocVien/Dashboard

27-05-2026T10:03:44 - [TEST_STEP][PASSED] - if (!(url.contains("/Account/Login"))): PASS: Đăng nhập thành công → http://localhost:5125/HocVien/Dashboard

27-05-2026T10:03:44 - [TEST_STEP][PASSED] - ketQua = "PASS": null

27-05-2026T10:03:44 - [TEST_STEP][PASSED] - comment(PASS: Đăng nhập thành công → $url): PASS: Đăng nhập thành công → http://localhost:5125/HocVien/Dashboard

27-05-2026T10:03:44 - [MESSAGE][INFO] - PASS: Đăng nhập thành công → http://localhost:5125/HocVien/Dashboard

27-05-2026T10:03:44 - [TEST_STEP][PASSED] - Finally: Browser is closed

27-05-2026T10:03:44 - [TEST_STEP][PASSED] - try: Browser is closed

27-05-2026T10:03:44 - [TEST_STEP][PASSED] - closeBrowser(): Browser is closed

27-05-2026T10:03:44 - [MESSAGE][PASSED] - Browser is closed

27-05-2026T10:03:44 - [TEST_STEP][PASSED] - fisW = new java.io.FileInputStream(testDataPath): null

27-05-2026T10:03:44 - [TEST_STEP][PASSED] - wbW = new org.apache.poi.xssf.usermodel.XSSFWorkbook(fisW): null

27-05-2026T10:03:44 - [TEST_STEP][PASSED] - fisW.close(): null

27-05-2026T10:03:44 - [TEST_STEP][PASSED] - createCell(6).setCellValue(ketQua): null

27-05-2026T10:03:44 - [TEST_STEP][PASSED] - fos = new java.io.FileOutputStream(testDataPath): null

27-05-2026T10:03:44 - [TEST_STEP][PASSED] - wbW.write(fos): null

27-05-2026T10:03:44 - [TEST_STEP][PASSED] - fos.close(): null

27-05-2026T10:03:44 - [TEST_STEP][PASSED] - wbW.close(): null

27-05-2026T10:03:44 - [TEST_STEP][PASSED] - row = sheet.getRow(i): null

27-05-2026T10:03:44 - [TEST_STEP][PASSED] - if (row == null): null

27-05-2026T10:03:44 - [TEST_STEP][PASSED] - stt = (fmt.formatCellValue(row.getCell(0))?.trim()) ? fmt.formatCellValue(row.getCell(0))?.trim() : : null

27-05-2026T10:03:44 - [TEST_STEP][PASSED] - moTa = (fmt.formatCellValue(row.getCell(1))?.trim()) ? fmt.formatCellValue(row.getCell(1))?.trim() : : null

27-05-2026T10:03:44 - [TEST_STEP][PASSED] - email = (fmt.formatCellValue(row.getCell(2))?.trim()) ? fmt.formatCellValue(row.getCell(2))?.trim() : : null

27-05-2026T10:03:44 - [TEST_STEP][PASSED] - matKhau = (fmt.formatCellValue(row.getCell(3))?.trim()) ? fmt.formatCellValue(row.getCell(3))?.trim() : : null

27-05-2026T10:03:44 - [TEST_STEP][PASSED] - ghiNho = (fmt.formatCellValue(row.getCell(4))?.trim()) ? fmt.formatCellValue(row.getCell(4))?.trim() : : null

27-05-2026T10:03:44 - [TEST_STEP][PASSED] - ketQuaMong = (fmt.formatCellValue(row.getCell(5))?.trim()) ? fmt.formatCellValue(row.getCell(5))?.trim() : : null

27-05-2026T10:03:44 - [TEST_STEP][PASSED] - if (email.isEmpty()): null

27-05-2026T10:03:44 - [TEST_STEP][PASSED] - comment(=== TC01 Row $stt: $moTa ===): === TC01 Row 7.0: HocVien 2 đăng nhập thành công ===

27-05-2026T10:03:44 - [MESSAGE][INFO] - === TC01 Row 7.0: HocVien 2 đăng nhập thành công ===

27-05-2026T10:03:44 - [TEST_STEP][PASSED] - ketQua = "FAIL": null

27-05-2026T10:03:44 - [TEST_STEP][PASSED] - try: PASS: Đăng nhập thành công → http://localhost:5125/HocVien/Dashboard

27-05-2026T10:03:44 - [TEST_STEP][PASSED] - openBrowser(BASE_URL + "/Account/Login"): Browser is opened with url: 'http://localhost:5125/Account/Login'

27-05-2026T10:03:44 - [MESSAGE][INFO] - Starting 'Chrome' driver

27-05-2026T10:03:44 - [MESSAGE][INFO] - Action delay is set to 0 milliseconds

27-05-2026T10:03:46 - [MESSAGE][PASSED] - Browser is opened with url: 'http://localhost:5125/Account/Login'

27-05-2026T10:03:46 - [TEST_STEP][PASSED] - maximizeWindow(): Current window maximized

27-05-2026T10:03:46 - [MESSAGE][PASSED] - Current window maximized

27-05-2026T10:03:46 - [TEST_STEP][PASSED] - waitForElementVisible(findTestObject("Object Repository/Page_Login/input_Email"), timeout): Object 'Object Repository/Page_Login/input_Email' is visible

27-05-2026T10:03:46 - [MESSAGE][PASSED] - Object 'Object Repository/Page_Login/input_Email' is visible

27-05-2026T10:03:46 - [TEST_STEP][PASSED] - clearText(findTestObject("Object Repository/Page_Login/input_Email")): Text of object 'Object Repository/Page_Login/input_Email' is cleared

27-05-2026T10:03:46 - [MESSAGE][PASSED] - Text of object 'Object Repository/Page_Login/input_Email' is cleared

27-05-2026T10:03:46 - [TEST_STEP][PASSED] - setText(findTestObject("Object Repository/Page_Login/input_Email"), email): Text 'hv02@nnl.com' is set on object 'Object Repository/Page_Login/input_Email'

27-05-2026T10:03:47 - [MESSAGE][PASSED] - Text 'hv02@nnl.com' is set on object 'Object Repository/Page_Login/input_Email'

27-05-2026T10:03:47 - [TEST_STEP][PASSED] - clearText(findTestObject("Object Repository/Page_Login/input_MatKhau")): Text of object 'Object Repository/Page_Login/input_MatKhau' is cleared

27-05-2026T10:03:47 - [MESSAGE][PASSED] - Text of object 'Object Repository/Page_Login/input_MatKhau' is cleared

27-05-2026T10:03:47 - [TEST_STEP][PASSED] - setText(findTestObject("Object Repository/Page_Login/input_MatKhau"), matKhau): Text 'Hv@123' is set on object 'Object Repository/Page_Login/input_MatKhau'

27-05-2026T10:03:47 - [MESSAGE][PASSED] - Text 'Hv@123' is set on object 'Object Repository/Page_Login/input_MatKhau'

27-05-2026T10:03:47 - [TEST_STEP][PASSED] - if ("true".equalsIgnoreCase(ghiNho)): null

27-05-2026T10:03:47 - [TEST_STEP][PASSED] - click(findTestObject("Object Repository/Page_Login/btn_DangNhap")): Object: 'Object Repository/Page_Login/btn_DangNhap' is clicked on

27-05-2026T10:03:48 - [MESSAGE][PASSED] - Object: 'Object Repository/Page_Login/btn_DangNhap' is clicked on

27-05-2026T10:03:48 - [TEST_STEP][PASSED] - waitForPageLoad(timeout): Wait for page load successfully

27-05-2026T10:03:48 - [MESSAGE][PASSED] - Wait for page load successfully

27-05-2026T10:03:48 - [TEST_STEP][PASSED] - url = getUrl(): Current window's url is: 'http://localhost:5125/HocVien/Dashboard'

27-05-2026T10:03:48 - [MESSAGE][PASSED] - Current window's url is: 'http://localhost:5125/HocVien/Dashboard'

27-05-2026T10:03:48 - [TEST_STEP][PASSED] - if ("ThanhCong".equalsIgnoreCase(ketQuaMong)): PASS: Đăng nhập thành công → http://localhost:5125/HocVien/Dashboard

27-05-2026T10:03:48 - [TEST_STEP][PASSED] - if (!(url.contains("/Account/Login"))): PASS: Đăng nhập thành công → http://localhost:5125/HocVien/Dashboard

27-05-2026T10:03:48 - [TEST_STEP][PASSED] - ketQua = "PASS": null

27-05-2026T10:03:48 - [TEST_STEP][PASSED] - comment(PASS: Đăng nhập thành công → $url): PASS: Đăng nhập thành công → http://localhost:5125/HocVien/Dashboard

27-05-2026T10:03:48 - [MESSAGE][INFO] - PASS: Đăng nhập thành công → http://localhost:5125/HocVien/Dashboard

27-05-2026T10:03:48 - [TEST_STEP][PASSED] - Finally: Browser is closed

27-05-2026T10:03:48 - [TEST_STEP][PASSED] - try: Browser is closed

27-05-2026T10:03:48 - [TEST_STEP][PASSED] - closeBrowser(): Browser is closed

27-05-2026T10:03:48 - [MESSAGE][PASSED] - Browser is closed

27-05-2026T10:03:48 - [TEST_STEP][PASSED] - fisW = new java.io.FileInputStream(testDataPath): null

27-05-2026T10:03:48 - [TEST_STEP][PASSED] - wbW = new org.apache.poi.xssf.usermodel.XSSFWorkbook(fisW): null

27-05-2026T10:03:48 - [TEST_STEP][PASSED] - fisW.close(): null

27-05-2026T10:03:48 - [TEST_STEP][PASSED] - createCell(6).setCellValue(ketQua): null

27-05-2026T10:03:48 - [TEST_STEP][PASSED] - fos = new java.io.FileOutputStream(testDataPath): null

27-05-2026T10:03:48 - [TEST_STEP][PASSED] - wbW.write(fos): null

27-05-2026T10:03:48 - [TEST_STEP][PASSED] - fos.close(): null

27-05-2026T10:03:48 - [TEST_STEP][PASSED] - wbW.close(): null

27-05-2026T10:03:48 - [TEST_STEP][PASSED] - row = sheet.getRow(i): null

27-05-2026T10:03:48 - [TEST_STEP][PASSED] - if (row == null): null

27-05-2026T10:03:48 - [TEST_STEP][PASSED] - stt = (fmt.formatCellValue(row.getCell(0))?.trim()) ? fmt.formatCellValue(row.getCell(0))?.trim() : : null

27-05-2026T10:03:48 - [TEST_STEP][PASSED] - moTa = (fmt.formatCellValue(row.getCell(1))?.trim()) ? fmt.formatCellValue(row.getCell(1))?.trim() : : null

27-05-2026T10:03:48 - [TEST_STEP][PASSED] - email = (fmt.formatCellValue(row.getCell(2))?.trim()) ? fmt.formatCellValue(row.getCell(2))?.trim() : : null

27-05-2026T10:03:48 - [TEST_STEP][PASSED] - matKhau = (fmt.formatCellValue(row.getCell(3))?.trim()) ? fmt.formatCellValue(row.getCell(3))?.trim() : : null

27-05-2026T10:03:48 - [TEST_STEP][PASSED] - ghiNho = (fmt.formatCellValue(row.getCell(4))?.trim()) ? fmt.formatCellValue(row.getCell(4))?.trim() : : null

27-05-2026T10:03:48 - [TEST_STEP][PASSED] - ketQuaMong = (fmt.formatCellValue(row.getCell(5))?.trim()) ? fmt.formatCellValue(row.getCell(5))?.trim() : : null

27-05-2026T10:03:48 - [TEST_STEP][PASSED] - if (email.isEmpty()): null

27-05-2026T10:03:48 - [TEST_STEP][PASSED] - comment(=== TC01 Row $stt: $moTa ===): === TC01 Row 8.0: GiangVien 2 đăng nhập thành công ===

27-05-2026T10:03:48 - [MESSAGE][INFO] - === TC01 Row 8.0: GiangVien 2 đăng nhập thành công ===

27-05-2026T10:03:48 - [TEST_STEP][PASSED] - ketQua = "FAIL": null

27-05-2026T10:03:48 - [TEST_STEP][PASSED] - try: PASS: Đăng nhập thành công → http://localhost:5125/GiangVien/Dashboard

27-05-2026T10:03:48 - [TEST_STEP][PASSED] - openBrowser(BASE_URL + "/Account/Login"): Browser is opened with url: 'http://localhost:5125/Account/Login'

27-05-2026T10:03:48 - [MESSAGE][INFO] - Starting 'Chrome' driver

27-05-2026T10:03:48 - [MESSAGE][INFO] - Action delay is set to 0 milliseconds

27-05-2026T10:03:49 - [MESSAGE][PASSED] - Browser is opened with url: 'http://localhost:5125/Account/Login'

27-05-2026T10:03:49 - [TEST_STEP][PASSED] - maximizeWindow(): Current window maximized

27-05-2026T10:03:49 - [MESSAGE][PASSED] - Current window maximized

27-05-2026T10:03:49 - [TEST_STEP][PASSED] - waitForElementVisible(findTestObject("Object Repository/Page_Login/input_Email"), timeout): Object 'Object Repository/Page_Login/input_Email' is visible

27-05-2026T10:03:50 - [MESSAGE][PASSED] - Object 'Object Repository/Page_Login/input_Email' is visible

27-05-2026T10:03:50 - [TEST_STEP][PASSED] - clearText(findTestObject("Object Repository/Page_Login/input_Email")): Text of object 'Object Repository/Page_Login/input_Email' is cleared

27-05-2026T10:03:50 - [MESSAGE][PASSED] - Text of object 'Object Repository/Page_Login/input_Email' is cleared

27-05-2026T10:03:50 - [TEST_STEP][PASSED] - setText(findTestObject("Object Repository/Page_Login/input_Email"), email): Text 'gv02@nnl.com' is set on object 'Object Repository/Page_Login/input_Email'

27-05-2026T10:03:50 - [MESSAGE][PASSED] - Text 'gv02@nnl.com' is set on object 'Object Repository/Page_Login/input_Email'

27-05-2026T10:03:50 - [TEST_STEP][PASSED] - clearText(findTestObject("Object Repository/Page_Login/input_MatKhau")): Text of object 'Object Repository/Page_Login/input_MatKhau' is cleared

27-05-2026T10:03:51 - [MESSAGE][PASSED] - Text of object 'Object Repository/Page_Login/input_MatKhau' is cleared

27-05-2026T10:03:51 - [TEST_STEP][PASSED] - setText(findTestObject("Object Repository/Page_Login/input_MatKhau"), matKhau): Text 'Gv@123' is set on object 'Object Repository/Page_Login/input_MatKhau'

27-05-2026T10:03:51 - [MESSAGE][PASSED] - Text 'Gv@123' is set on object 'Object Repository/Page_Login/input_MatKhau'

27-05-2026T10:03:51 - [TEST_STEP][PASSED] - if ("true".equalsIgnoreCase(ghiNho)): null

27-05-2026T10:03:51 - [TEST_STEP][PASSED] - click(findTestObject("Object Repository/Page_Login/btn_DangNhap")): Object: 'Object Repository/Page_Login/btn_DangNhap' is clicked on

27-05-2026T10:03:52 - [MESSAGE][PASSED] - Object: 'Object Repository/Page_Login/btn_DangNhap' is clicked on

27-05-2026T10:03:52 - [TEST_STEP][PASSED] - waitForPageLoad(timeout): Wait for page load successfully

27-05-2026T10:03:52 - [MESSAGE][PASSED] - Wait for page load successfully

27-05-2026T10:03:52 - [TEST_STEP][PASSED] - url = getUrl(): Current window's url is: 'http://localhost:5125/GiangVien/Dashboard'

27-05-2026T10:03:52 - [MESSAGE][PASSED] - Current window's url is: 'http://localhost:5125/GiangVien/Dashboard'

27-05-2026T10:03:52 - [TEST_STEP][PASSED] - if ("ThanhCong".equalsIgnoreCase(ketQuaMong)): PASS: Đăng nhập thành công → http://localhost:5125/GiangVien/Dashboard

27-05-2026T10:03:52 - [TEST_STEP][PASSED] - if (!(url.contains("/Account/Login"))): PASS: Đăng nhập thành công → http://localhost:5125/GiangVien/Dashboard

27-05-2026T10:03:52 - [TEST_STEP][PASSED] - ketQua = "PASS": null

27-05-2026T10:03:52 - [TEST_STEP][PASSED] - comment(PASS: Đăng nhập thành công → $url): PASS: Đăng nhập thành công → http://localhost:5125/GiangVien/Dashboard

27-05-2026T10:03:52 - [MESSAGE][INFO] - PASS: Đăng nhập thành công → http://localhost:5125/GiangVien/Dashboard

27-05-2026T10:03:52 - [TEST_STEP][PASSED] - Finally: Browser is closed

27-05-2026T10:03:52 - [TEST_STEP][PASSED] - try: Browser is closed

27-05-2026T10:03:52 - [TEST_STEP][PASSED] - closeBrowser(): Browser is closed

27-05-2026T10:03:52 - [MESSAGE][PASSED] - Browser is closed

27-05-2026T10:03:52 - [TEST_STEP][PASSED] - fisW = new java.io.FileInputStream(testDataPath): null

27-05-2026T10:03:52 - [TEST_STEP][PASSED] - wbW = new org.apache.poi.xssf.usermodel.XSSFWorkbook(fisW): null

27-05-2026T10:03:52 - [TEST_STEP][PASSED] - fisW.close(): null

27-05-2026T10:03:52 - [TEST_STEP][PASSED] - createCell(6).setCellValue(ketQua): null

27-05-2026T10:03:52 - [TEST_STEP][PASSED] - fos = new java.io.FileOutputStream(testDataPath): null

27-05-2026T10:03:52 - [TEST_STEP][PASSED] - wbW.write(fos): null

27-05-2026T10:03:52 - [TEST_STEP][PASSED] - fos.close(): null

27-05-2026T10:03:52 - [TEST_STEP][PASSED] - wbW.close(): null

27-05-2026T10:03:52 - [TEST_STEP][PASSED] - wb.close(): null

27-05-2026T10:03:52 - [TEST_STEP][PASSED] - comment("=== TC01 Hoàn tất ==="): === TC01 Hoàn tất ===

27-05-2026T10:03:52 - [MESSAGE][INFO] - === TC01 Hoàn tất ===]]></system-out>
         <system-err><![CDATA[]]></system-err>
      </testcase>
      <testcase name="Test Cases/TC02_DoiMatKhau" time="71.688" classname="Test Cases/TC02_DoiMatKhau" status="PASSED">
         <system-out><![CDATA[27-05-2026T10:03:52 - [TEST_CASE][PASSED] - Test Cases/TC02_DoiMatKhau: Test Cases/TC02_DoiMatKhau

27-05-2026T10:03:52 - [TEST_STEP][PASSED] - testDataPath = TEST_DATA_DIR + "\TC02_DoiMatKhau.xlsx": null

27-05-2026T10:03:52 - [TEST_STEP][PASSED] - fmt = new org.apache.poi.ss.usermodel.DataFormatter(): null

27-05-2026T10:03:52 - [TEST_STEP][PASSED] - fis = new java.io.FileInputStream(testDataPath): null

27-05-2026T10:03:52 - [TEST_STEP][PASSED] - wb = new org.apache.poi.xssf.usermodel.XSSFWorkbook(fis): null

27-05-2026T10:03:52 - [TEST_STEP][PASSED] - sheet = wb.getSheetAt(0): null

27-05-2026T10:03:52 - [TEST_STEP][PASSED] - fis.close(): null

27-05-2026T10:03:52 - [TEST_STEP][PASSED] - totalRows = sheet.getLastRowNum(): null

27-05-2026T10:03:52 - [TEST_STEP][PASSED] - timeout = TIMEOUT: null

27-05-2026T10:03:52 - [TEST_STEP][PASSED] - for ([i = 1, i <= totalRows, (i++)]): null

27-05-2026T10:03:52 - [TEST_STEP][PASSED] - row = sheet.getRow(i): null

27-05-2026T10:03:52 - [TEST_STEP][PASSED] - if (row == null): null

27-05-2026T10:03:52 - [TEST_STEP][PASSED] - stt = (fmt.formatCellValue(row.getCell(0))?.trim()) ? fmt.formatCellValue(row.getCell(0))?.trim() : : null

27-05-2026T10:03:52 - [TEST_STEP][PASSED] - moTa = (fmt.formatCellValue(row.getCell(1))?.trim()) ? fmt.formatCellValue(row.getCell(1))?.trim() : : null

27-05-2026T10:03:52 - [TEST_STEP][PASSED] - emailLogin = (fmt.formatCellValue(row.getCell(2))?.trim()) ? fmt.formatCellValue(row.getCell(2))?.trim() : : null

27-05-2026T10:03:52 - [TEST_STEP][PASSED] - matKhauLogin = (fmt.formatCellValue(row.getCell(3))?.trim()) ? fmt.formatCellValue(row.getCell(3))?.trim() : : null

27-05-2026T10:03:52 - [TEST_STEP][PASSED] - matKhauCu = (fmt.formatCellValue(row.getCell(4))?.trim()) ? fmt.formatCellValue(row.getCell(4))?.trim() : : null

27-05-2026T10:03:52 - [TEST_STEP][PASSED] - matKhauMoi = (fmt.formatCellValue(row.getCell(5))?.trim()) ? fmt.formatCellValue(row.getCell(5))?.trim() : : null

27-05-2026T10:03:52 - [TEST_STEP][PASSED] - xacNhanMK = (fmt.formatCellValue(row.getCell(6))?.trim()) ? fmt.formatCellValue(row.getCell(6))?.trim() : : null

27-05-2026T10:03:52 - [TEST_STEP][PASSED] - ketQuaMong = (fmt.formatCellValue(row.getCell(7))?.trim()) ? fmt.formatCellValue(row.getCell(7))?.trim() : : null

27-05-2026T10:03:52 - [TEST_STEP][PASSED] - if (emailLogin.isEmpty()): null

27-05-2026T10:03:52 - [TEST_STEP][PASSED] - comment(=== TC02 Row $stt: $moTa ===): === TC02 Row 1.0: Sai mật khẩu cũ ===

27-05-2026T10:03:52 - [MESSAGE][INFO] - === TC02 Row 1.0: Sai mật khẩu cũ ===

27-05-2026T10:03:52 - [TEST_STEP][PASSED] - ketQua = "FAIL": null

27-05-2026T10:03:52 - [TEST_STEP][PASSED] - try: FAIL: Không có thông báo lỗi

27-05-2026T10:03:52 - [TEST_STEP][PASSED] - openBrowser(BASE_URL + "/Account/Login"): Browser is opened with url: 'http://localhost:5125/Account/Login'

27-05-2026T10:03:52 - [MESSAGE][INFO] - Starting 'Chrome' driver

27-05-2026T10:03:52 - [MESSAGE][INFO] - Action delay is set to 0 milliseconds

27-05-2026T10:03:54 - [MESSAGE][PASSED] - Browser is opened with url: 'http://localhost:5125/Account/Login'

27-05-2026T10:03:54 - [TEST_STEP][PASSED] - maximizeWindow(): Current window maximized

27-05-2026T10:03:54 - [MESSAGE][PASSED] - Current window maximized

27-05-2026T10:03:54 - [TEST_STEP][PASSED] - waitForElementVisible(findTestObject("Object Repository/Page_Login/input_Email"), timeout): Object 'Object Repository/Page_Login/input_Email' is visible

27-05-2026T10:03:54 - [MESSAGE][PASSED] - Object 'Object Repository/Page_Login/input_Email' is visible

27-05-2026T10:03:54 - [TEST_STEP][PASSED] - setText(findTestObject("Object Repository/Page_Login/input_Email"), emailLogin): Text 'admin@nnl.com' is set on object 'Object Repository/Page_Login/input_Email'

27-05-2026T10:03:54 - [MESSAGE][PASSED] - Text 'admin@nnl.com' is set on object 'Object Repository/Page_Login/input_Email'

27-05-2026T10:03:54 - [TEST_STEP][PASSED] - setText(findTestObject("Object Repository/Page_Login/input_MatKhau"), matKhauLogin): Text 'Admin@123' is set on object 'Object Repository/Page_Login/input_MatKhau'

27-05-2026T10:03:55 - [MESSAGE][PASSED] - Text 'Admin@123' is set on object 'Object Repository/Page_Login/input_MatKhau'

27-05-2026T10:03:55 - [TEST_STEP][PASSED] - click(findTestObject("Object Repository/Page_Login/btn_DangNhap")): Object: 'Object Repository/Page_Login/btn_DangNhap' is clicked on

27-05-2026T10:03:56 - [MESSAGE][PASSED] - Object: 'Object Repository/Page_Login/btn_DangNhap' is clicked on

27-05-2026T10:03:56 - [TEST_STEP][PASSED] - waitForPageLoad(timeout): Wait for page load successfully

27-05-2026T10:03:56 - [MESSAGE][PASSED] - Wait for page load successfully

27-05-2026T10:03:56 - [TEST_STEP][PASSED] - if (getUrl().contains("/Account/Login")): Current window's url is: 'http://localhost:5125/Admin'

27-05-2026T10:03:56 - [MESSAGE][PASSED] - Current window's url is: 'http://localhost:5125/Admin'

27-05-2026T10:03:56 - [TEST_STEP][PASSED] - else: FAIL: Không có thông báo lỗi

27-05-2026T10:03:56 - [TEST_STEP][PASSED] - navigateToUrl(BASE_URL + "/Account/ChangePassword"): Navigate to 'http://localhost:5125/Account/ChangePassword' successfully

27-05-2026T10:03:56 - [MESSAGE][PASSED] - Navigate to 'http://localhost:5125/Account/ChangePassword' successfully

27-05-2026T10:03:56 - [TEST_STEP][PASSED] - waitForElementVisible(findTestObject("Object Repository/Page_DoiMatKhau/input_MatKhauCu"), timeout): Object 'Object Repository/Page_DoiMatKhau/input_MatKhauCu' is visible

27-05-2026T10:03:56 - [MESSAGE][PASSED] - Object 'Object Repository/Page_DoiMatKhau/input_MatKhauCu' is visible

27-05-2026T10:03:56 - [TEST_STEP][PASSED] - clearText(findTestObject("Object Repository/Page_DoiMatKhau/input_MatKhauCu")): Text of object 'Object Repository/Page_DoiMatKhau/input_MatKhauCu' is cleared

27-05-2026T10:03:57 - [MESSAGE][PASSED] - Text of object 'Object Repository/Page_DoiMatKhau/input_MatKhauCu' is cleared

27-05-2026T10:03:57 - [TEST_STEP][PASSED] - setText(findTestObject("Object Repository/Page_DoiMatKhau/input_MatKhauCu"), matKhauCu): Text 'WrongOld@123' is set on object 'Object Repository/Page_DoiMatKhau/input_MatKhauCu'

27-05-2026T10:03:57 - [MESSAGE][PASSED] - Text 'WrongOld@123' is set on object 'Object Repository/Page_DoiMatKhau/input_MatKhauCu'

27-05-2026T10:03:57 - [TEST_STEP][PASSED] - clearText(findTestObject("Object Repository/Page_DoiMatKhau/input_MatKhauMoi")): Text of object 'Object Repository/Page_DoiMatKhau/input_MatKhauMoi' is cleared

27-05-2026T10:03:57 - [MESSAGE][PASSED] - Text of object 'Object Repository/Page_DoiMatKhau/input_MatKhauMoi' is cleared

27-05-2026T10:03:57 - [TEST_STEP][PASSED] - setText(findTestObject("Object Repository/Page_DoiMatKhau/input_MatKhauMoi"), matKhauMoi): Text 'NewPass@456' is set on object 'Object Repository/Page_DoiMatKhau/input_MatKhauMoi'

27-05-2026T10:03:58 - [MESSAGE][PASSED] - Text 'NewPass@456' is set on object 'Object Repository/Page_DoiMatKhau/input_MatKhauMoi'

27-05-2026T10:03:58 - [TEST_STEP][PASSED] - clearText(findTestObject("Object Repository/Page_DoiMatKhau/input_XacNhanMatKhau")): Text of object 'Object Repository/Page_DoiMatKhau/input_XacNhanMatKhau' is cleared

27-05-2026T10:03:58 - [MESSAGE][PASSED] - Text of object 'Object Repository/Page_DoiMatKhau/input_XacNhanMatKhau' is cleared

27-05-2026T10:03:58 - [TEST_STEP][PASSED] - setText(findTestObject("Object Repository/Page_DoiMatKhau/input_XacNhanMatKhau"), xacNhanMK): Text 'NewPass@456' is set on object 'Object Repository/Page_DoiMatKhau/input_XacNhanMatKhau'

27-05-2026T10:03:59 - [MESSAGE][PASSED] - Text 'NewPass@456' is set on object 'Object Repository/Page_DoiMatKhau/input_XacNhanMatKhau'

27-05-2026T10:03:59 - [TEST_STEP][PASSED] - click(findTestObject("Object Repository/Page_DoiMatKhau/btn_XacNhan")): Object: 'Object Repository/Page_DoiMatKhau/btn_XacNhan' is clicked on

27-05-2026T10:04:00 - [MESSAGE][PASSED] - Object: 'Object Repository/Page_DoiMatKhau/btn_XacNhan' is clicked on

27-05-2026T10:04:00 - [TEST_STEP][PASSED] - waitForPageLoad(timeout): Wait for page load successfully

27-05-2026T10:04:00 - [MESSAGE][PASSED] - Wait for page load successfully

27-05-2026T10:04:00 - [TEST_STEP][PASSED] - if ("ThanhCong".equalsIgnoreCase(ketQuaMong)): null

27-05-2026T10:04:00 - [TEST_STEP][PASSED] - else: FAIL: Không có thông báo lỗi

27-05-2026T10:04:00 - [TEST_STEP][WARNING] - hasError = verifyElementPresent(findTestObject("Object Repository/Page_DoiMatKhau/div_AlertDanger"), timeout, OPTIONAL): com.kms.katalon.core.webui.exception.WebElementNotFoundException: Web element with id: 'Object Repository/Page_DoiMatKhau/div_AlertDanger' located by 'By.cssSelector: .alert-danger' not found (Root cause: com.kms.katalon.core.exception.StepFailedException: com.kms.katalon.core.webui.exception.WebElementNotFoundException: Web element with id: 'Object Repository/Page_DoiMatKhau/div_AlertDanger' located by 'By.cssSelector: .alert-danger' not found
	at com.kms.katalon.core.webui.keyword.internal.WebUIKeywordMain.stepFailed(WebUIKeywordMain.groovy:177)
	at com.kms.katalon.core.webui.keyword.builtin.VerifyElementPresentKeyword$_verifyElementPresent_closure1.doCall(VerifyElementPresentKeyword.groovy:88)
	at com.kms.katalon.core.webui.keyword.builtin.VerifyElementPresentKeyword$_verifyElementPresent_closure1.call(VerifyElementPresentKeyword.groovy)
	at com.kms.katalon.core.webui.keyword.internal.WebUIKeywordMain.runKeyword(WebUIKeywordMain.groovy:41)
	at com.kms.katalon.core.webui.keyword.builtin.VerifyElementPresentKeyword.verifyElementPresent(VerifyElementPresentKeyword.groovy:95)
	at com.kms.katalon.core.webui.keyword.builtin.VerifyElementPresentKeyword.execute(VerifyElementPresentKeyword.groovy:68)
	at com.kms.katalon.core.keyword.internal.KeywordExecutor.executeKeywordForPlatform(KeywordExecutor.groovy:99)
	at com.kms.katalon.core.webui.keyword.WebUiBuiltInKeywords.verifyElementPresent(WebUiBuiltInKeywords.groovy:1550)
	at TC02_DoiMatKhau.run(TC02_DoiMatKhau:93)
	at com.kms.katalon.core.main.ScriptEngine.run(ScriptEngine.java:203)
	at com.kms.katalon.core.main.ScriptEngine.runScriptAsRawText(ScriptEngine.java:115)
	at com.kms.katalon.core.main.TestCaseExecutor.runScript(TestCaseExecutor.java:504)
	at com.kms.katalon.core.main.TestCaseExecutor.doExecute(TestCaseExecutor.java:495)
	at com.kms.katalon.core.main.TestCaseExecutor.processExecutionPhase(TestCaseExecutor.java:474)
	at com.kms.katalon.core.main.TestCaseExecutor.accessMainPhase(TestCaseExecutor.java:466)
	at com.kms.katalon.core.main.TestCaseExecutor.execute(TestCaseExecutor.java:336)
	at com.kms.katalon.core.common.CommonExecutor.accessTestCaseMainPhase(CommonExecutor.java:71)
	at com.kms.katalon.core.main.TestSuiteExecutor.accessTestSuiteMainPhase(TestSuiteExecutor.java:153)
	at com.kms.katalon.core.main.TestSuiteExecutor.execute(TestSuiteExecutor.java:110)
	at com.kms.katalon.core.main.TestCaseMain.startTestSuite(TestCaseMain.java:206)
	at S0527_2.run(S0527_2.groovy:40)
	at java.base/jdk.internal.reflect.DirectMethodHandleAccessor.invoke(DirectMethodHandleAccessor.java:103)
)

27-05-2026T10:04:10 - [MESSAGE][WARNING] - com.kms.katalon.core.webui.exception.WebElementNotFoundException: Web element with id: 'Object Repository/Page_DoiMatKhau/div_AlertDanger' located by 'By.cssSelector: .alert-danger' not found (Root cause: com.kms.katalon.core.exception.StepFailedException: com.kms.katalon.core.webui.exception.WebElementNotFoundException: Web element with id: 'Object Repository/Page_DoiMatKhau/div_AlertDanger' located by 'By.cssSelector: .alert-danger' not found
	at com.kms.katalon.core.webui.keyword.internal.WebUIKeywordMain.stepFailed(WebUIKeywordMain.groovy:177)
	at com.kms.katalon.core.webui.keyword.builtin.VerifyElementPresentKeyword$_verifyElementPresent_closure1.doCall(VerifyElementPresentKeyword.groovy:88)
	at com.kms.katalon.core.webui.keyword.builtin.VerifyElementPresentKeyword$_verifyElementPresent_closure1.call(VerifyElementPresentKeyword.groovy)
	at com.kms.katalon.core.webui.keyword.internal.WebUIKeywordMain.runKeyword(WebUIKeywordMain.groovy:41)
	at com.kms.katalon.core.webui.keyword.builtin.VerifyElementPresentKeyword.verifyElementPresent(VerifyElementPresentKeyword.groovy:95)
	at com.kms.katalon.core.webui.keyword.builtin.VerifyElementPresentKeyword.execute(VerifyElementPresentKeyword.groovy:68)
	at com.kms.katalon.core.keyword.internal.KeywordExecutor.executeKeywordForPlatform(KeywordExecutor.groovy:99)
	at com.kms.katalon.core.webui.keyword.WebUiBuiltInKeywords.verifyElementPresent(WebUiBuiltInKeywords.groovy:1550)
	at TC02_DoiMatKhau.run(TC02_DoiMatKhau:93)
	at com.kms.katalon.core.main.ScriptEngine.run(ScriptEngine.java:203)
	at com.kms.katalon.core.main.ScriptEngine.runScriptAsRawText(ScriptEngine.java:115)
	at com.kms.katalon.core.main.TestCaseExecutor.runScript(TestCaseExecutor.java:504)
	at com.kms.katalon.core.main.TestCaseExecutor.doExecute(TestCaseExecutor.java:495)
	at com.kms.katalon.core.main.TestCaseExecutor.processExecutionPhase(TestCaseExecutor.java:474)
	at com.kms.katalon.core.main.TestCaseExecutor.accessMainPhase(TestCaseExecutor.java:466)
	at com.kms.katalon.core.main.TestCaseExecutor.execute(TestCaseExecutor.java:336)
	at com.kms.katalon.core.common.CommonExecutor.accessTestCaseMainPhase(CommonExecutor.java:71)
	at com.kms.katalon.core.main.TestSuiteExecutor.accessTestSuiteMainPhase(TestSuiteExecutor.java:153)
	at com.kms.katalon.core.main.TestSuiteExecutor.execute(TestSuiteExecutor.java:110)
	at com.kms.katalon.core.main.TestCaseMain.startTestSuite(TestCaseMain.java:206)
	at S0527_2.run(S0527_2.groovy:40)
	at java.base/jdk.internal.reflect.DirectMethodHandleAccessor.invoke(DirectMethodHandleAccessor.java:103)
)

27-05-2026T10:04:10 - [TEST_STEP][PASSED] - if (hasError): null

27-05-2026T10:04:10 - [TEST_STEP][PASSED] - else: FAIL: Không có thông báo lỗi

27-05-2026T10:04:10 - [TEST_STEP][PASSED] - ketQua = "FAIL": null

27-05-2026T10:04:10 - [TEST_STEP][PASSED] - comment("FAIL: Không có thông báo lỗi"): FAIL: Không có thông báo lỗi

27-05-2026T10:04:10 - [MESSAGE][INFO] - FAIL: Không có thông báo lỗi

27-05-2026T10:04:10 - [TEST_STEP][PASSED] - Finally: Browser is closed

27-05-2026T10:04:10 - [TEST_STEP][PASSED] - try: Browser is closed

27-05-2026T10:04:10 - [TEST_STEP][PASSED] - closeBrowser(): Browser is closed

27-05-2026T10:04:10 - [MESSAGE][PASSED] - Browser is closed

27-05-2026T10:04:10 - [TEST_STEP][PASSED] - fisW = new java.io.FileInputStream(testDataPath): null

27-05-2026T10:04:10 - [TEST_STEP][PASSED] - wbW = new org.apache.poi.xssf.usermodel.XSSFWorkbook(fisW): null

27-05-2026T10:04:10 - [TEST_STEP][PASSED] - fisW.close(): null

27-05-2026T10:04:10 - [TEST_STEP][PASSED] - createCell(8).setCellValue(ketQua): null

27-05-2026T10:04:10 - [TEST_STEP][PASSED] - fos = new java.io.FileOutputStream(testDataPath): null

27-05-2026T10:04:10 - [TEST_STEP][PASSED] - wbW.write(fos): null

27-05-2026T10:04:10 - [TEST_STEP][PASSED] - fos.close(): null

27-05-2026T10:04:10 - [TEST_STEP][PASSED] - wbW.close(): null

27-05-2026T10:04:10 - [TEST_STEP][PASSED] - row = sheet.getRow(i): null

27-05-2026T10:04:10 - [TEST_STEP][PASSED] - if (row == null): null

27-05-2026T10:04:10 - [TEST_STEP][PASSED] - stt = (fmt.formatCellValue(row.getCell(0))?.trim()) ? fmt.formatCellValue(row.getCell(0))?.trim() : : null

27-05-2026T10:04:10 - [TEST_STEP][PASSED] - moTa = (fmt.formatCellValue(row.getCell(1))?.trim()) ? fmt.formatCellValue(row.getCell(1))?.trim() : : null

27-05-2026T10:04:10 - [TEST_STEP][PASSED] - emailLogin = (fmt.formatCellValue(row.getCell(2))?.trim()) ? fmt.formatCellValue(row.getCell(2))?.trim() : : null

27-05-2026T10:04:10 - [TEST_STEP][PASSED] - matKhauLogin = (fmt.formatCellValue(row.getCell(3))?.trim()) ? fmt.formatCellValue(row.getCell(3))?.trim() : : null

27-05-2026T10:04:10 - [TEST_STEP][PASSED] - matKhauCu = (fmt.formatCellValue(row.getCell(4))?.trim()) ? fmt.formatCellValue(row.getCell(4))?.trim() : : null

27-05-2026T10:04:10 - [TEST_STEP][PASSED] - matKhauMoi = (fmt.formatCellValue(row.getCell(5))?.trim()) ? fmt.formatCellValue(row.getCell(5))?.trim() : : null

27-05-2026T10:04:10 - [TEST_STEP][PASSED] - xacNhanMK = (fmt.formatCellValue(row.getCell(6))?.trim()) ? fmt.formatCellValue(row.getCell(6))?.trim() : : null

27-05-2026T10:04:10 - [TEST_STEP][PASSED] - ketQuaMong = (fmt.formatCellValue(row.getCell(7))?.trim()) ? fmt.formatCellValue(row.getCell(7))?.trim() : : null

27-05-2026T10:04:10 - [TEST_STEP][PASSED] - if (emailLogin.isEmpty()): null

27-05-2026T10:04:10 - [TEST_STEP][PASSED] - comment(=== TC02 Row $stt: $moTa ===): === TC02 Row 2.0: Mật khẩu mới không khớp xác nhận ===

27-05-2026T10:04:10 - [MESSAGE][INFO] - === TC02 Row 2.0: Mật khẩu mới không khớp xác nhận ===

27-05-2026T10:04:10 - [TEST_STEP][PASSED] - ketQua = "FAIL": null

27-05-2026T10:04:10 - [TEST_STEP][PASSED] - try: FAIL: Không có thông báo lỗi

27-05-2026T10:04:10 - [TEST_STEP][PASSED] - openBrowser(BASE_URL + "/Account/Login"): Browser is opened with url: 'http://localhost:5125/Account/Login'

27-05-2026T10:04:10 - [MESSAGE][INFO] - Starting 'Chrome' driver

27-05-2026T10:04:10 - [MESSAGE][INFO] - Action delay is set to 0 milliseconds

27-05-2026T10:04:11 - [MESSAGE][PASSED] - Browser is opened with url: 'http://localhost:5125/Account/Login'

27-05-2026T10:04:11 - [TEST_STEP][PASSED] - maximizeWindow(): Current window maximized

27-05-2026T10:04:11 - [MESSAGE][PASSED] - Current window maximized

27-05-2026T10:04:11 - [TEST_STEP][PASSED] - waitForElementVisible(findTestObject("Object Repository/Page_Login/input_Email"), timeout): Object 'Object Repository/Page_Login/input_Email' is visible

27-05-2026T10:04:12 - [MESSAGE][PASSED] - Object 'Object Repository/Page_Login/input_Email' is visible

27-05-2026T10:04:12 - [TEST_STEP][PASSED] - setText(findTestObject("Object Repository/Page_Login/input_Email"), emailLogin): Text 'admin@nnl.com' is set on object 'Object Repository/Page_Login/input_Email'

27-05-2026T10:04:12 - [MESSAGE][PASSED] - Text 'admin@nnl.com' is set on object 'Object Repository/Page_Login/input_Email'

27-05-2026T10:04:12 - [TEST_STEP][PASSED] - setText(findTestObject("Object Repository/Page_Login/input_MatKhau"), matKhauLogin): Text 'Admin@123' is set on object 'Object Repository/Page_Login/input_MatKhau'

27-05-2026T10:04:13 - [MESSAGE][PASSED] - Text 'Admin@123' is set on object 'Object Repository/Page_Login/input_MatKhau'

27-05-2026T10:04:13 - [TEST_STEP][PASSED] - click(findTestObject("Object Repository/Page_Login/btn_DangNhap")): Object: 'Object Repository/Page_Login/btn_DangNhap' is clicked on

27-05-2026T10:04:14 - [MESSAGE][PASSED] - Object: 'Object Repository/Page_Login/btn_DangNhap' is clicked on

27-05-2026T10:04:14 - [TEST_STEP][PASSED] - waitForPageLoad(timeout): Wait for page load successfully

27-05-2026T10:04:14 - [MESSAGE][PASSED] - Wait for page load successfully

27-05-2026T10:04:14 - [TEST_STEP][PASSED] - if (getUrl().contains("/Account/Login")): Current window's url is: 'http://localhost:5125/Admin'

27-05-2026T10:04:14 - [MESSAGE][PASSED] - Current window's url is: 'http://localhost:5125/Admin'

27-05-2026T10:04:14 - [TEST_STEP][PASSED] - else: FAIL: Không có thông báo lỗi

27-05-2026T10:04:14 - [TEST_STEP][PASSED] - navigateToUrl(BASE_URL + "/Account/ChangePassword"): Navigate to 'http://localhost:5125/Account/ChangePassword' successfully

27-05-2026T10:04:14 - [MESSAGE][PASSED] - Navigate to 'http://localhost:5125/Account/ChangePassword' successfully

27-05-2026T10:04:14 - [TEST_STEP][PASSED] - waitForElementVisible(findTestObject("Object Repository/Page_DoiMatKhau/input_MatKhauCu"), timeout): Object 'Object Repository/Page_DoiMatKhau/input_MatKhauCu' is visible

27-05-2026T10:04:14 - [MESSAGE][PASSED] - Object 'Object Repository/Page_DoiMatKhau/input_MatKhauCu' is visible

27-05-2026T10:04:14 - [TEST_STEP][PASSED] - clearText(findTestObject("Object Repository/Page_DoiMatKhau/input_MatKhauCu")): Text of object 'Object Repository/Page_DoiMatKhau/input_MatKhauCu' is cleared

27-05-2026T10:04:14 - [MESSAGE][PASSED] - Text of object 'Object Repository/Page_DoiMatKhau/input_MatKhauCu' is cleared

27-05-2026T10:04:14 - [TEST_STEP][PASSED] - setText(findTestObject("Object Repository/Page_DoiMatKhau/input_MatKhauCu"), matKhauCu): Text 'Admin@123' is set on object 'Object Repository/Page_DoiMatKhau/input_MatKhauCu'

27-05-2026T10:04:15 - [MESSAGE][PASSED] - Text 'Admin@123' is set on object 'Object Repository/Page_DoiMatKhau/input_MatKhauCu'

27-05-2026T10:04:15 - [TEST_STEP][PASSED] - clearText(findTestObject("Object Repository/Page_DoiMatKhau/input_MatKhauMoi")): Text of object 'Object Repository/Page_DoiMatKhau/input_MatKhauMoi' is cleared

27-05-2026T10:04:15 - [MESSAGE][PASSED] - Text of object 'Object Repository/Page_DoiMatKhau/input_MatKhauMoi' is cleared

27-05-2026T10:04:15 - [TEST_STEP][PASSED] - setText(findTestObject("Object Repository/Page_DoiMatKhau/input_MatKhauMoi"), matKhauMoi): Text 'NewPass@456' is set on object 'Object Repository/Page_DoiMatKhau/input_MatKhauMoi'

27-05-2026T10:04:16 - [MESSAGE][PASSED] - Text 'NewPass@456' is set on object 'Object Repository/Page_DoiMatKhau/input_MatKhauMoi'

[...]

27-05-2026T10:09:17 - [MESSAGE][PASSED] - Object: 'Object Repository/Page_Login/btn_DangNhap' is clicked on

27-05-2026T10:09:17 - [TEST_STEP][PASSED] - waitForPageLoad(timeout): Wait for page load successfully

27-05-2026T10:09:17 - [MESSAGE][PASSED] - Wait for page load successfully

27-05-2026T10:09:17 - [TEST_STEP][PASSED] - if (getUrl().contains("/Account/Login")): Current window's url is: 'http://localhost:5125/Admin'

27-05-2026T10:09:17 - [MESSAGE][PASSED] - Current window's url is: 'http://localhost:5125/Admin'

27-05-2026T10:09:17 - [TEST_STEP][PASSED] - else: PASS: Phân công KH6 → GV4 thành công

27-05-2026T10:09:17 - [TEST_STEP][PASSED] - navigateToUrl(BASE_URL + "/Admin/PhanCong"): Navigate to 'http://localhost:5125/Admin/PhanCong' successfully

27-05-2026T10:09:17 - [MESSAGE][PASSED] - Navigate to 'http://localhost:5125/Admin/PhanCong' successfully

27-05-2026T10:09:17 - [TEST_STEP][PASSED] - waitForPageLoad(timeout): Wait for page load successfully

27-05-2026T10:09:17 - [MESSAGE][PASSED] - Wait for page load successfully

27-05-2026T10:09:17 - [TEST_STEP][PASSED] - selectGV = new com.kms.katalon.core.testobject.TestObject(select_GV_KH$khoaHocId): null

27-05-2026T10:09:17 - [TEST_STEP][PASSED] - selectGV.addProperty("xpath", EQUALS, //form[.//input[@name='KhoaHocId' and @value='$khoaHocId']]//select[@name='GiangVienId']): null

27-05-2026T10:09:17 - [TEST_STEP][PASSED] - waitForElementVisible(selectGV, timeout): Object 'select_GV_KH6' is visible

27-05-2026T10:09:17 - [MESSAGE][PASSED] - Object 'select_GV_KH6' is visible

27-05-2026T10:09:17 - [TEST_STEP][PASSED] - selectOptionByValue(selectGV, giangVienId, false): All options with value '4' are selected in object 'select_GV_KH6' 

27-05-2026T10:09:18 - [MESSAGE][PASSED] - All options with value '4' are selected in object 'select_GV_KH6' 

27-05-2026T10:09:18 - [TEST_STEP][PASSED] - btnSubmit = new com.kms.katalon.core.testobject.TestObject(btn_Submit_KH$khoaHocId): null

27-05-2026T10:09:18 - [TEST_STEP][PASSED] - btnSubmit.addProperty("xpath", EQUALS, //form[.//input[@name='KhoaHocId' and @value='$khoaHocId']]//button[@type='submit']): null

27-05-2026T10:09:18 - [TEST_STEP][PASSED] - click(btnSubmit): Object: 'btn_Submit_KH6' is clicked on

27-05-2026T10:09:18 - [MESSAGE][PASSED] - Object: 'btn_Submit_KH6' is clicked on

27-05-2026T10:09:18 - [TEST_STEP][PASSED] - waitForPageLoad(timeout): Wait for page load successfully

27-05-2026T10:09:18 - [MESSAGE][PASSED] - Wait for page load successfully

27-05-2026T10:09:18 - [TEST_STEP][PASSED] - hasSuccess = verifyElementPresent(findTestObject("Object Repository/Page_PhanCong/div_AlertSuccess"), timeout, OPTIONAL): Object 'Object Repository/Page_PhanCong/div_AlertSuccess' is present

27-05-2026T10:09:19 - [MESSAGE][PASSED] - Object 'Object Repository/Page_PhanCong/div_AlertSuccess' is present

27-05-2026T10:09:19 - [TEST_STEP][PASSED] - ketQua = (hasSuccess) ? PASS : FAIL: null

27-05-2026T10:09:19 - [TEST_STEP][PASSED] - comment(((ketQua == PASS)) ? PASS: Phân công KH$khoaHocId → GV$giangVienId thành công : FAIL: Không thấy alert thành công tại $WebUI.getUrl()): PASS: Phân công KH6 → GV4 thành công

27-05-2026T10:09:19 - [MESSAGE][INFO] - PASS: Phân công KH6 → GV4 thành công

27-05-2026T10:09:19 - [TEST_STEP][PASSED] - Finally: Browser is closed

27-05-2026T10:09:19 - [TEST_STEP][PASSED] - try: Browser is closed

27-05-2026T10:09:19 - [TEST_STEP][PASSED] - closeBrowser(): Browser is closed

27-05-2026T10:09:19 - [MESSAGE][PASSED] - Browser is closed

27-05-2026T10:09:19 - [TEST_STEP][PASSED] - fisW = new java.io.FileInputStream(testDataPath): null

27-05-2026T10:09:19 - [TEST_STEP][PASSED] - wbW = new org.apache.poi.xssf.usermodel.XSSFWorkbook(fisW): null

27-05-2026T10:09:19 - [TEST_STEP][PASSED] - fisW.close(): null

27-05-2026T10:09:19 - [TEST_STEP][PASSED] - createCell(6).setCellValue(ketQua): null

27-05-2026T10:09:19 - [TEST_STEP][PASSED] - fos = new java.io.FileOutputStream(testDataPath): null

27-05-2026T10:09:19 - [TEST_STEP][PASSED] - wbW.write(fos): null

27-05-2026T10:09:19 - [TEST_STEP][PASSED] - fos.close(): null

27-05-2026T10:09:19 - [TEST_STEP][PASSED] - wbW.close(): null

27-05-2026T10:09:19 - [TEST_STEP][PASSED] - row = sheet.getRow(i): null

27-05-2026T10:09:19 - [TEST_STEP][PASSED] - if (row == null): null

27-05-2026T10:09:19 - [TEST_STEP][PASSED] - stt = (fmt.formatCellValue(row.getCell(0))?.trim()) ? fmt.formatCellValue(row.getCell(0))?.trim() : : null

27-05-2026T10:09:19 - [TEST_STEP][PASSED] - moTa = (fmt.formatCellValue(row.getCell(1))?.trim()) ? fmt.formatCellValue(row.getCell(1))?.trim() : : null

27-05-2026T10:09:19 - [TEST_STEP][PASSED] - khoaHocId = (fmt.formatCellValue(row.getCell(2))?.trim()) ? fmt.formatCellValue(row.getCell(2))?.trim() : : null

27-05-2026T10:09:19 - [TEST_STEP][PASSED] - giangVienId = (fmt.formatCellValue(row.getCell(3))?.trim()) ? fmt.formatCellValue(row.getCell(3))?.trim() : : null

27-05-2026T10:09:19 - [TEST_STEP][PASSED] - ghiChu = (fmt.formatCellValue(row.getCell(4))?.trim()) ? fmt.formatCellValue(row.getCell(4))?.trim() : : null

27-05-2026T10:09:19 - [TEST_STEP][PASSED] - ketQuaMong = (fmt.formatCellValue(row.getCell(5))?.trim()) ? fmt.formatCellValue(row.getCell(5))?.trim() : : null

27-05-2026T10:09:19 - [TEST_STEP][PASSED] - khoaHocId = khoaHocId.replace(".0", ""): null

27-05-2026T10:09:19 - [TEST_STEP][PASSED] - giangVienId = giangVienId.replace(".0", ""): null

27-05-2026T10:09:19 - [TEST_STEP][PASSED] - if (khoaHocId.isEmpty()): null

27-05-2026T10:09:19 - [TEST_STEP][PASSED] - comment(=== TC06 Row $stt: $moTa (KH$khoaHocId → GV$giangVienId) ===): === TC06 Row 7.0: KH A1 (1) → Đổi sang GV Nam (3) (KH1 → GV3) ===

27-05-2026T10:09:19 - [MESSAGE][INFO] - === TC06 Row 7.0: KH A1 (1) → Đổi sang GV Nam (3) (KH1 → GV3) ===

27-05-2026T10:09:19 - [TEST_STEP][PASSED] - ketQua = "FAIL": null

27-05-2026T10:09:19 - [TEST_STEP][PASSED] - try: PASS: Phân công KH1 → GV3 thành công

27-05-2026T10:09:19 - [TEST_STEP][PASSED] - openBrowser(BASE_URL + "/Account/Login"): Browser is opened with url: 'http://localhost:5125/Account/Login'

27-05-2026T10:09:19 - [MESSAGE][INFO] - Starting 'Chrome' driver

27-05-2026T10:09:19 - [MESSAGE][INFO] - Action delay is set to 0 milliseconds

27-05-2026T10:09:20 - [MESSAGE][PASSED] - Browser is opened with url: 'http://localhost:5125/Account/Login'

27-05-2026T10:09:20 - [TEST_STEP][PASSED] - maximizeWindow(): Current window maximized

27-05-2026T10:09:20 - [MESSAGE][PASSED] - Current window maximized

27-05-2026T10:09:20 - [TEST_STEP][PASSED] - waitForElementVisible(findTestObject("Object Repository/Page_Login/input_Email"), timeout): Object 'Object Repository/Page_Login/input_Email' is visible

27-05-2026T10:09:20 - [MESSAGE][PASSED] - Object 'Object Repository/Page_Login/input_Email' is visible

27-05-2026T10:09:20 - [TEST_STEP][PASSED] - setText(findTestObject("Object Repository/Page_Login/input_Email"), ADMIN_EMAIL): Text 'admin@nnl.com' is set on object 'Object Repository/Page_Login/input_Email'

27-05-2026T10:09:21 - [MESSAGE][PASSED] - Text 'admin@nnl.com' is set on object 'Object Repository/Page_Login/input_Email'

27-05-2026T10:09:21 - [TEST_STEP][PASSED] - setText(findTestObject("Object Repository/Page_Login/input_MatKhau"), ADMIN_PASS): Text 'Admin@123' is set on object 'Object Repository/Page_Login/input_MatKhau'

27-05-2026T10:09:21 - [MESSAGE][PASSED] - Text 'Admin@123' is set on object 'Object Repository/Page_Login/input_MatKhau'

27-05-2026T10:09:21 - [TEST_STEP][PASSED] - click(findTestObject("Object Repository/Page_Login/btn_DangNhap")): Object: 'Object Repository/Page_Login/btn_DangNhap' is clicked on

27-05-2026T10:09:22 - [MESSAGE][PASSED] - Object: 'Object Repository/Page_Login/btn_DangNhap' is clicked on

27-05-2026T10:09:22 - [TEST_STEP][PASSED] - waitForPageLoad(timeout): Wait for page load successfully

27-05-2026T10:09:23 - [MESSAGE][PASSED] - Wait for page load successfully

27-05-2026T10:09:23 - [TEST_STEP][PASSED] - if (getUrl().contains("/Account/Login")): Current window's url is: 'http://localhost:5125/Admin'

27-05-2026T10:09:23 - [MESSAGE][PASSED] - Current window's url is: 'http://localhost:5125/Admin'

27-05-2026T10:09:23 - [TEST_STEP][PASSED] - else: PASS: Phân công KH1 → GV3 thành công

27-05-2026T10:09:23 - [TEST_STEP][PASSED] - navigateToUrl(BASE_URL + "/Admin/PhanCong"): Navigate to 'http://localhost:5125/Admin/PhanCong' successfully

27-05-2026T10:09:23 - [MESSAGE][PASSED] - Navigate to 'http://localhost:5125/Admin/PhanCong' successfully

27-05-2026T10:09:23 - [TEST_STEP][PASSED] - waitForPageLoad(timeout): Wait for page load successfully

27-05-2026T10:09:23 - [MESSAGE][PASSED] - Wait for page load successfully

27-05-2026T10:09:23 - [TEST_STEP][PASSED] - selectGV = new com.kms.katalon.core.testobject.TestObject(select_GV_KH$khoaHocId): null

27-05-2026T10:09:23 - [TEST_STEP][PASSED] - selectGV.addProperty("xpath", EQUALS, //form[.//input[@name='KhoaHocId' and @value='$khoaHocId']]//select[@name='GiangVienId']): null

27-05-2026T10:09:23 - [TEST_STEP][PASSED] - waitForElementVisible(selectGV, timeout): Object 'select_GV_KH1' is visible

27-05-2026T10:09:23 - [MESSAGE][PASSED] - Object 'select_GV_KH1' is visible

27-05-2026T10:09:23 - [TEST_STEP][PASSED] - selectOptionByValue(selectGV, giangVienId, false): All options with value '3' are selected in object 'select_GV_KH1' 

27-05-2026T10:09:24 - [MESSAGE][PASSED] - All options with value '3' are selected in object 'select_GV_KH1' 

27-05-2026T10:09:24 - [TEST_STEP][PASSED] - btnSubmit = new com.kms.katalon.core.testobject.TestObject(btn_Submit_KH$khoaHocId): null

27-05-2026T10:09:24 - [TEST_STEP][PASSED] - btnSubmit.addProperty("xpath", EQUALS, //form[.//input[@name='KhoaHocId' and @value='$khoaHocId']]//button[@type='submit']): null

27-05-2026T10:09:24 - [TEST_STEP][PASSED] - click(btnSubmit): Object: 'btn_Submit_KH1' is clicked on

27-05-2026T10:09:24 - [MESSAGE][PASSED] - Object: 'btn_Submit_KH1' is clicked on

27-05-2026T10:09:24 - [TEST_STEP][PASSED] - waitForPageLoad(timeout): Wait for page load successfully

27-05-2026T10:09:24 - [MESSAGE][PASSED] - Wait for page load successfully

27-05-2026T10:09:24 - [TEST_STEP][PASSED] - hasSuccess = verifyElementPresent(findTestObject("Object Repository/Page_PhanCong/div_AlertSuccess"), timeout, OPTIONAL): Object 'Object Repository/Page_PhanCong/div_AlertSuccess' is present

27-05-2026T10:09:24 - [MESSAGE][PASSED] - Object 'Object Repository/Page_PhanCong/div_AlertSuccess' is present

27-05-2026T10:09:24 - [TEST_STEP][PASSED] - ketQua = (hasSuccess) ? PASS : FAIL: null

27-05-2026T10:09:24 - [TEST_STEP][PASSED] - comment(((ketQua == PASS)) ? PASS: Phân công KH$khoaHocId → GV$giangVienId thành công : FAIL: Không thấy alert thành công tại $WebUI.getUrl()): PASS: Phân công KH1 → GV3 thành công

27-05-2026T10:09:24 - [MESSAGE][INFO] - PASS: Phân công KH1 → GV3 thành công

27-05-2026T10:09:24 - [TEST_STEP][PASSED] - Finally: Browser is closed

27-05-2026T10:09:24 - [TEST_STEP][PASSED] - try: Browser is closed

27-05-2026T10:09:24 - [TEST_STEP][PASSED] - closeBrowser(): Browser is closed

27-05-2026T10:09:25 - [MESSAGE][PASSED] - Browser is closed

27-05-2026T10:09:25 - [TEST_STEP][PASSED] - fisW = new java.io.FileInputStream(testDataPath): null

27-05-2026T10:09:25 - [TEST_STEP][PASSED] - wbW = new org.apache.poi.xssf.usermodel.XSSFWorkbook(fisW): null

27-05-2026T10:09:25 - [TEST_STEP][PASSED] - fisW.close(): null

27-05-2026T10:09:25 - [TEST_STEP][PASSED] - createCell(6).setCellValue(ketQua): null

27-05-2026T10:09:25 - [TEST_STEP][PASSED] - fos = new java.io.FileOutputStream(testDataPath): null

27-05-2026T10:09:25 - [TEST_STEP][PASSED] - wbW.write(fos): null

27-05-2026T10:09:25 - [TEST_STEP][PASSED] - fos.close(): null

27-05-2026T10:09:25 - [TEST_STEP][PASSED] - wbW.close(): null

27-05-2026T10:09:25 - [TEST_STEP][PASSED] - row = sheet.getRow(i): null

27-05-2026T10:09:25 - [TEST_STEP][PASSED] - if (row == null): null

27-05-2026T10:09:25 - [TEST_STEP][PASSED] - stt = (fmt.formatCellValue(row.getCell(0))?.trim()) ? fmt.formatCellValue(row.getCell(0))?.trim() : : null

27-05-2026T10:09:25 - [TEST_STEP][PASSED] - moTa = (fmt.formatCellValue(row.getCell(1))?.trim()) ? fmt.formatCellValue(row.getCell(1))?.trim() : : null

27-05-2026T10:09:25 - [TEST_STEP][PASSED] - khoaHocId = (fmt.formatCellValue(row.getCell(2))?.trim()) ? fmt.formatCellValue(row.getCell(2))?.trim() : : null

27-05-2026T10:09:25 - [TEST_STEP][PASSED] - giangVienId = (fmt.formatCellValue(row.getCell(3))?.trim()) ? fmt.formatCellValue(row.getCell(3))?.trim() : : null

27-05-2026T10:09:25 - [TEST_STEP][PASSED] - ghiChu = (fmt.formatCellValue(row.getCell(4))?.trim()) ? fmt.formatCellValue(row.getCell(4))?.trim() : : null

27-05-2026T10:09:25 - [TEST_STEP][PASSED] - ketQuaMong = (fmt.formatCellValue(row.getCell(5))?.trim()) ? fmt.formatCellValue(row.getCell(5))?.trim() : : null

27-05-2026T10:09:25 - [TEST_STEP][PASSED] - khoaHocId = khoaHocId.replace(".0", ""): null

27-05-2026T10:09:25 - [TEST_STEP][PASSED] - giangVienId = giangVienId.replace(".0", ""): null

27-05-2026T10:09:25 - [TEST_STEP][PASSED] - if (khoaHocId.isEmpty()): null

27-05-2026T10:09:25 - [TEST_STEP][PASSED] - comment(=== TC06 Row $stt: $moTa (KH$khoaHocId → GV$giangVienId) ===): === TC06 Row 8.0: KH A1 (1) → Bỏ phân công (GV=0) (KH1 → GV0) ===

27-05-2026T10:09:25 - [MESSAGE][INFO] - === TC06 Row 8.0: KH A1 (1) → Bỏ phân công (GV=0) (KH1 → GV0) ===

27-05-2026T10:09:25 - [TEST_STEP][PASSED] - ketQua = "FAIL": null

27-05-2026T10:09:25 - [TEST_STEP][PASSED] - try: PASS: Phân công KH1 → GV0 thành công

27-05-2026T10:09:25 - [TEST_STEP][PASSED] - openBrowser(BASE_URL + "/Account/Login"): Browser is opened with url: 'http://localhost:5125/Account/Login'

27-05-2026T10:09:25 - [MESSAGE][INFO] - Starting 'Chrome' driver

27-05-2026T10:09:25 - [MESSAGE][INFO] - Action delay is set to 0 milliseconds

27-05-2026T10:09:26 - [MESSAGE][PASSED] - Browser is opened with url: 'http://localhost:5125/Account/Login'

27-05-2026T10:09:26 - [TEST_STEP][PASSED] - maximizeWindow(): Current window maximized

27-05-2026T10:09:26 - [MESSAGE][PASSED] - Current window maximized

27-05-2026T10:09:26 - [TEST_STEP][PASSED] - waitForElementVisible(findTestObject("Object Repository/Page_Login/input_Email"), timeout): Object 'Object Repository/Page_Login/input_Email' is visible

27-05-2026T10:09:26 - [MESSAGE][PASSED] - Object 'Object Repository/Page_Login/input_Email' is visible

27-05-2026T10:09:26 - [TEST_STEP][PASSED] - setText(findTestObject("Object Repository/Page_Login/input_Email"), ADMIN_EMAIL): Text 'admin@nnl.com' is set on object 'Object Repository/Page_Login/input_Email'

27-05-2026T10:09:27 - [MESSAGE][PASSED] - Text 'admin@nnl.com' is set on object 'Object Repository/Page_Login/input_Email'

27-05-2026T10:09:27 - [TEST_STEP][PASSED] - setText(findTestObject("Object Repository/Page_Login/input_MatKhau"), ADMIN_PASS): Text 'Admin@123' is set on object 'Object Repository/Page_Login/input_MatKhau'

27-05-2026T10:09:27 - [MESSAGE][PASSED] - Text 'Admin@123' is set on object 'Object Repository/Page_Login/input_MatKhau'

27-05-2026T10:09:27 - [TEST_STEP][PASSED] - click(findTestObject("Object Repository/Page_Login/btn_DangNhap")): Object: 'Object Repository/Page_Login/btn_DangNhap' is clicked on

27-05-2026T10:09:28 - [MESSAGE][PASSED] - Object: 'Object Repository/Page_Login/btn_DangNhap' is clicked on

27-05-2026T10:09:28 - [TEST_STEP][PASSED] - waitForPageLoad(timeout): Wait for page load successfully

27-05-2026T10:09:28 - [MESSAGE][PASSED] - Wait for page load successfully

27-05-2026T10:09:28 - [TEST_STEP][PASSED] - if (getUrl().contains("/Account/Login")): Current window's url is: 'http://localhost:5125/Admin'

27-05-2026T10:09:28 - [MESSAGE][PASSED] - Current window's url is: 'http://localhost:5125/Admin'

27-05-2026T10:09:28 - [TEST_STEP][PASSED] - else: PASS: Phân công KH1 → GV0 thành công

27-05-2026T10:09:28 - [TEST_STEP][PASSED] - navigateToUrl(BASE_URL + "/Admin/PhanCong"): Navigate to 'http://localhost:5125/Admin/PhanCong' successfully

27-05-2026T10:09:28 - [MESSAGE][PASSED] - Navigate to 'http://localhost:5125/Admin/PhanCong' successfully

27-05-2026T10:09:28 - [TEST_STEP][PASSED] - waitForPageLoad(timeout): Wait for page load successfully

27-05-2026T10:09:28 - [MESSAGE][PASSED] - Wait for page load successfully

27-05-2026T10:09:28 - [TEST_STEP][PASSED] - selectGV = new com.kms.katalon.core.testobject.TestObject(select_GV_KH$khoaHocId): null

27-05-2026T10:09:28 - [TEST_STEP][PASSED] - selectGV.addProperty("xpath", EQUALS, //form[.//input[@name='KhoaHocId' and @value='$khoaHocId']]//select[@name='GiangVienId']): null

27-05-2026T10:09:28 - [TEST_STEP][PASSED] - waitForElementVisible(selectGV, timeout): Object 'select_GV_KH1' is visible

27-05-2026T10:09:28 - [MESSAGE][PASSED] - Object 'select_GV_KH1' is visible

27-05-2026T10:09:28 - [TEST_STEP][PASSED] - selectOptionByValue(selectGV, giangVienId, false): All options with value '0' are selected in object 'select_GV_KH1' 

27-05-2026T10:09:29 - [MESSAGE][PASSED] - All options with value '0' are selected in object 'select_GV_KH1' 

27-05-2026T10:09:29 - [TEST_STEP][PASSED] - btnSubmit = new com.kms.katalon.core.testobject.TestObject(btn_Submit_KH$khoaHocId): null

27-05-2026T10:09:29 - [TEST_STEP][PASSED] - btnSubmit.addProperty("xpath", EQUALS, //form[.//input[@name='KhoaHocId' and @value='$khoaHocId']]//button[@type='submit']): null

27-05-2026T10:09:29 - [TEST_STEP][PASSED] - click(btnSubmit): Object: 'btn_Submit_KH1' is clicked on

27-05-2026T10:09:29 - [MESSAGE][PASSED] - Object: 'btn_Submit_KH1' is clicked on

27-05-2026T10:09:29 - [TEST_STEP][PASSED] - waitForPageLoad(timeout): Wait for page load successfully

27-05-2026T10:09:29 - [MESSAGE][PASSED] - Wait for page load successfully

27-05-2026T10:09:29 - [TEST_STEP][PASSED] - hasSuccess = verifyElementPresent(findTestObject("Object Repository/Page_PhanCong/div_AlertSuccess"), timeout, OPTIONAL): Object 'Object Repository/Page_PhanCong/div_AlertSuccess' is present

27-05-2026T10:09:30 - [MESSAGE][PASSED] - Object 'Object Repository/Page_PhanCong/div_AlertSuccess' is present

27-05-2026T10:09:30 - [TEST_STEP][PASSED] - ketQua = (hasSuccess) ? PASS : FAIL: null

27-05-2026T10:09:30 - [TEST_STEP][PASSED] - comment(((ketQua == PASS)) ? PASS: Phân công KH$khoaHocId → GV$giangVienId thành công : FAIL: Không thấy alert thành công tại $WebUI.getUrl()): PASS: Phân công KH1 → GV0 thành công

27-05-2026T10:09:30 - [MESSAGE][INFO] - PASS: Phân công KH1 → GV0 thành công

27-05-2026T10:09:30 - [TEST_STEP][PASSED] - Finally: Browser is closed

27-05-2026T10:09:30 - [TEST_STEP][PASSED] - try: Browser is closed

27-05-2026T10:09:30 - [TEST_STEP][PASSED] - closeBrowser(): Browser is closed

27-05-2026T10:09:30 - [MESSAGE][PASSED] - Browser is closed

27-05-2026T10:09:30 - [TEST_STEP][PASSED] - fisW = new java.io.FileInputStream(testDataPath): null

27-05-2026T10:09:30 - [TEST_STEP][PASSED] - wbW = new org.apache.poi.xssf.usermodel.XSSFWorkbook(fisW): null

27-05-2026T10:09:30 - [TEST_STEP][PASSED] - fisW.close(): null

27-05-2026T10:09:30 - [TEST_STEP][PASSED] - createCell(6).setCellValue(ketQua): null

27-05-2026T10:09:30 - [TEST_STEP][PASSED] - fos = new java.io.FileOutputStream(testDataPath): null

27-05-2026T10:09:30 - [TEST_STEP][PASSED] - wbW.write(fos): null

27-05-2026T10:09:30 - [TEST_STEP][PASSED] - fos.close(): null

27-05-2026T10:09:30 - [TEST_STEP][PASSED] - wbW.close(): null

27-05-2026T10:09:30 - [TEST_STEP][PASSED] - wb.close(): null

27-05-2026T10:09:30 - [TEST_STEP][PASSED] - comment("=== TC06 Hoàn tất ==="): === TC06 Hoàn tất ===

27-05-2026T10:09:30 - [MESSAGE][INFO] - === TC06 Hoàn tất ===]]></system-out>
         <system-err><![CDATA[]]></system-err>
      </testcase>
      <system-out><![CDATA[27-05-2026T10:03:13 - [TEST_SUITE][PASSED] - TS_All: null]]></system-out>
      <system-err><![CDATA[]]></system-err>
   </testsuite>
</testsuites>
